{
  "/usr/src/app/src/context/Context.js": {
    "path": "/Users/ricardo/Documents/DEV/projects/test-hype-frontend/src/context/Context.js",
    "statementMap": {
      "0": {
        "start": {
          "line": 3,
          "column": 16
        },
        "end": {
          "line": 3,
          "column": 31
        }
      }
    },
    "fnMap": {},
    "branchMap": {},
    "s": {
      "0": 10
    },
    "f": {},
    "b": {},
    "_coverageSchema": "1a1c01bbd47fc00a2c39e90264f33305004495a9",
    "hash": "121fea5e642ed1eee8ebec319da075da53062556"
  },
  "/usr/src/app/src/database/dataProducts.js": {
    "path": "/Users/ricardo/Documents/DEV/projects/test-hype-frontend/src/database/dataProducts.js",
    "statementMap": {
      "0": {
        "start": {
          "line": 3,
          "column": 21
        },
        "end": {
          "line": 9,
          "column": 11
        }
      },
      "1": {
        "start": {
          "line": 11,
          "column": 26
        },
        "end": {
          "line": 17,
          "column": 46
        }
      },
      "2": {
        "start": {
          "line": 19,
          "column": 23
        },
        "end": {
          "line": 27,
          "column": 1
        }
      },
      "3": {
        "start": {
          "line": 20,
          "column": 2
        },
        "end": {
          "line": 26,
          "column": 3
        }
      },
      "4": {
        "start": {
          "line": 21,
          "column": 4
        },
        "end": {
          "line": 22,
          "column": 56
        }
      },
      "5": {
        "start": {
          "line": 22,
          "column": 26
        },
        "end": {
          "line": 22,
          "column": 54
        }
      },
      "6": {
        "start": {
          "line": 25,
          "column": 4
        },
        "end": {
          "line": 25,
          "column": 22
        }
      },
      "7": {
        "start": {
          "line": 29,
          "column": 22
        },
        "end": {
          "line": 33,
          "column": 1
        }
      },
      "8": {
        "start": {
          "line": 30,
          "column": 15
        },
        "end": {
          "line": 30,
          "column": 78
        }
      },
      "9": {
        "start": {
          "line": 31,
          "column": 20
        },
        "end": {
          "line": 31,
          "column": 93
        }
      },
      "10": {
        "start": {
          "line": 32,
          "column": 2
        },
        "end": {
          "line": 32,
          "column": 35
        }
      },
      "11": {
        "start": {
          "line": 35,
          "column": 29
        },
        "end": {
          "line": 43,
          "column": 1
        }
      },
      "12": {
        "start": {
          "line": 36,
          "column": 2
        },
        "end": {
          "line": 42,
          "column": 3
        }
      },
      "13": {
        "start": {
          "line": 37,
          "column": 4
        },
        "end": {
          "line": 38,
          "column": 75
        }
      },
      "14": {
        "start": {
          "line": 38,
          "column": 26
        },
        "end": {
          "line": 38,
          "column": 74
        }
      },
      "15": {
        "start": {
          "line": 41,
          "column": 4
        },
        "end": {
          "line": 41,
          "column": 22
        }
      },
      "16": {
        "start": {
          "line": 45,
          "column": 23
        },
        "end": {
          "line": 49,
          "column": 1
        }
      },
      "17": {
        "start": {
          "line": 46,
          "column": 15
        },
        "end": {
          "line": 46,
          "column": 91
        }
      },
      "18": {
        "start": {
          "line": 48,
          "column": 2
        },
        "end": {
          "line": 48,
          "column": 14
        }
      },
      "19": {
        "start": {
          "line": 51,
          "column": 26
        },
        "end": {
          "line": 69,
          "column": 1
        }
      },
      "20": {
        "start": {
          "line": 52,
          "column": 19
        },
        "end": {
          "line": 52,
          "column": 21
        }
      },
      "21": {
        "start": {
          "line": 54,
          "column": 2
        },
        "end": {
          "line": 66,
          "column": 3
        }
      },
      "22": {
        "start": {
          "line": 54,
          "column": 15
        },
        "end": {
          "line": 54,
          "column": 16
        }
      },
      "23": {
        "start": {
          "line": 56,
          "column": 21
        },
        "end": {
          "line": 56,
          "column": 36
        }
      },
      "24": {
        "start": {
          "line": 57,
          "column": 24
        },
        "end": {
          "line": 57,
          "column": 52
        }
      },
      "25": {
        "start": {
          "line": 59,
          "column": 4
        },
        "end": {
          "line": 65,
          "column": 6
        }
      },
      "26": {
        "start": {
          "line": 68,
          "column": 2
        },
        "end": {
          "line": 68,
          "column": 18
        }
      }
    },
    "fnMap": {
      "0": {
        "name": "(anonymous_0)",
        "decl": {
          "start": {
            "line": 19,
            "column": 23
          },
          "end": {
            "line": 19,
            "column": 24
          }
        },
        "loc": {
          "start": {
            "line": 19,
            "column": 35
          },
          "end": {
            "line": 27,
            "column": 1
          }
        },
        "line": 19
      },
      "1": {
        "name": "(anonymous_1)",
        "decl": {
          "start": {
            "line": 22,
            "column": 12
          },
          "end": {
            "line": 22,
            "column": 13
          }
        },
        "loc": {
          "start": {
            "line": 22,
            "column": 26
          },
          "end": {
            "line": 22,
            "column": 54
          }
        },
        "line": 22
      },
      "2": {
        "name": "(anonymous_2)",
        "decl": {
          "start": {
            "line": 29,
            "column": 22
          },
          "end": {
            "line": 29,
            "column": 23
          }
        },
        "loc": {
          "start": {
            "line": 29,
            "column": 28
          },
          "end": {
            "line": 33,
            "column": 1
          }
        },
        "line": 29
      },
      "3": {
        "name": "(anonymous_3)",
        "decl": {
          "start": {
            "line": 35,
            "column": 29
          },
          "end": {
            "line": 35,
            "column": 30
          }
        },
        "loc": {
          "start": {
            "line": 35,
            "column": 41
          },
          "end": {
            "line": 43,
            "column": 1
          }
        },
        "line": 35
      },
      "4": {
        "name": "(anonymous_4)",
        "decl": {
          "start": {
            "line": 38,
            "column": 12
          },
          "end": {
            "line": 38,
            "column": 13
          }
        },
        "loc": {
          "start": {
            "line": 38,
            "column": 26
          },
          "end": {
            "line": 38,
            "column": 74
          }
        },
        "line": 38
      },
      "5": {
        "name": "(anonymous_5)",
        "decl": {
          "start": {
            "line": 45,
            "column": 23
          },
          "end": {
            "line": 45,
            "column": 24
          }
        },
        "loc": {
          "start": {
            "line": 45,
            "column": 51
          },
          "end": {
            "line": 49,
            "column": 1
          }
        },
        "line": 45
      },
      "6": {
        "name": "(anonymous_6)",
        "decl": {
          "start": {
            "line": 51,
            "column": 26
          },
          "end": {
            "line": 51,
            "column": 27
          }
        },
        "loc": {
          "start": {
            "line": 51,
            "column": 46
          },
          "end": {
            "line": 69,
            "column": 1
          }
        },
        "line": 51
      }
    },
    "branchMap": {},
    "s": {
      "0": 10,
      "1": 10,
      "2": 10,
      "3": 193,
      "4": 193,
      "5": 183,
      "6": 0,
      "7": 10,
      "8": 203,
      "9": 203,
      "10": 203,
      "11": 10,
      "12": 203,
      "13": 203,
      "14": 193,
      "15": 0,
      "16": 10,
      "17": 183,
      "18": 183,
      "19": 10,
      "20": 28,
      "21": 28,
      "22": 28,
      "23": 203,
      "24": 203,
      "25": 193,
      "26": 8
    },
    "f": {
      "0": 193,
      "1": 183,
      "2": 203,
      "3": 203,
      "4": 193,
      "5": 183,
      "6": 28
    },
    "b": {},
    "_coverageSchema": "1a1c01bbd47fc00a2c39e90264f33305004495a9",
    "hash": "8b94bd81543d23e0b212afd7bbbd34fa47142536"
  },
  "/usr/src/app/src/components/cards/CardsHome.jsx": {
    "path": "/Users/ricardo/Documents/DEV/projects/test-hype-frontend/src/components/cards/CardsHome.jsx",
    "statementMap": {
      "0": {
        "start": {
          "line": 8,
          "column": 64
        },
        "end": {
          "line": 8,
          "column": 83
        }
      },
      "1": {
        "start": {
          "line": 10,
          "column": 34
        },
        "end": {
          "line": 10,
          "column": 49
        }
      },
      "2": {
        "start": {
          "line": 13,
          "column": 22
        },
        "end": {
          "line": 18,
          "column": 3
        }
      },
      "3": {
        "start": {
          "line": 14,
          "column": 26
        },
        "end": {
          "line": 14,
          "column": 53
        }
      },
      "4": {
        "start": {
          "line": 15,
          "column": 4
        },
        "end": {
          "line": 15,
          "column": 31
        }
      },
      "5": {
        "start": {
          "line": 16,
          "column": 4
        },
        "end": {
          "line": 16,
          "column": 68
        }
      },
      "6": {
        "start": {
          "line": 17,
          "column": 4
        },
        "end": {
          "line": 17,
          "column": 22
        }
      },
      "7": {
        "start": {
          "line": 20,
          "column": 2
        },
        "end": {
          "line": 29,
          "column": 9
        }
      },
      "8": {
        "start": {
          "line": 21,
          "column": 4
        },
        "end": {
          "line": 21,
          "column": 21
        }
      },
      "9": {
        "start": {
          "line": 22,
          "column": 4
        },
        "end": {
          "line": 27,
          "column": 5
        }
      },
      "10": {
        "start": {
          "line": 23,
          "column": 6
        },
        "end": {
          "line": 23,
          "column": 20
        }
      },
      "11": {
        "start": {
          "line": 25,
          "column": 6
        },
        "end": {
          "line": 25,
          "column": 64
        }
      },
      "12": {
        "start": {
          "line": 26,
          "column": 6
        },
        "end": {
          "line": 26,
          "column": 24
        }
      },
      "13": {
        "start": {
          "line": 31,
          "column": 2
        },
        "end": {
          "line": 44,
          "column": 4
        }
      },
      "14": {
        "start": {
          "line": 40,
          "column": 16
        },
        "end": {
          "line": 40,
          "column": 66
        }
      }
    },
    "fnMap": {
      "0": {
        "name": "CardsHome",
        "decl": {
          "start": {
            "line": 7,
            "column": 9
          },
          "end": {
            "line": 7,
            "column": 18
          }
        },
        "loc": {
          "start": {
            "line": 7,
            "column": 21
          },
          "end": {
            "line": 45,
            "column": 1
          }
        },
        "line": 7
      },
      "1": {
        "name": "(anonymous_1)",
        "decl": {
          "start": {
            "line": 13,
            "column": 22
          },
          "end": {
            "line": 13,
            "column": 23
          }
        },
        "loc": {
          "start": {
            "line": 13,
            "column": 34
          },
          "end": {
            "line": 18,
            "column": 3
          }
        },
        "line": 13
      },
      "2": {
        "name": "(anonymous_2)",
        "decl": {
          "start": {
            "line": 20,
            "column": 12
          },
          "end": {
            "line": 20,
            "column": 13
          }
        },
        "loc": {
          "start": {
            "line": 20,
            "column": 18
          },
          "end": {
            "line": 29,
            "column": 3
          }
        },
        "line": 20
      },
      "3": {
        "name": "(anonymous_3)",
        "decl": {
          "start": {
            "line": 39,
            "column": 27
          },
          "end": {
            "line": 39,
            "column": 28
          }
        },
        "loc": {
          "start": {
            "line": 40,
            "column": 16
          },
          "end": {
            "line": 40,
            "column": 66
          }
        },
        "line": 40
      }
    },
    "branchMap": {
      "0": {
        "loc": {
          "start": {
            "line": 22,
            "column": 4
          },
          "end": {
            "line": 27,
            "column": 5
          }
        },
        "type": "if",
        "locations": [
          {
            "start": {
              "line": 22,
              "column": 4
            },
            "end": {
              "line": 27,
              "column": 5
            }
          },
          {
            "start": {
              "line": 22,
              "column": 4
            },
            "end": {
              "line": 27,
              "column": 5
            }
          }
        ],
        "line": 22
      },
      "1": {
        "loc": {
          "start": {
            "line": 33,
            "column": 7
          },
          "end": {
            "line": 33,
            "column": 35
          }
        },
        "type": "cond-expr",
        "locations": [
          {
            "start": {
              "line": 33,
              "column": 17
            },
            "end": {
              "line": 33,
              "column": 28
            }
          },
          {
            "start": {
              "line": 33,
              "column": 31
            },
            "end": {
              "line": 33,
              "column": 35
            }
          }
        ],
        "line": 33
      },
      "2": {
        "loc": {
          "start": {
            "line": 34,
            "column": 7
          },
          "end": {
            "line": 42,
            "column": 14
          }
        },
        "type": "cond-expr",
        "locations": [
          {
            "start": {
              "line": 35,
              "column": 8
            },
            "end": {
              "line": 35,
              "column": 23
            }
          },
          {
            "start": {
              "line": 36,
              "column": 8
            },
            "end": {
              "line": 42,
              "column": 14
            }
          }
        ],
        "line": 34
      },
      "3": {
        "loc": {
          "start": {
            "line": 34,
            "column": 7
          },
          "end": {
            "line": 34,
            "column": 59
          }
        },
        "type": "binary-expr",
        "locations": [
          {
            "start": {
              "line": 34,
              "column": 7
            },
            "end": {
              "line": 34,
              "column": 35
            }
          },
          {
            "start": {
              "line": 34,
              "column": 39
            },
            "end": {
              "line": 34,
              "column": 59
            }
          }
        ],
        "line": 34
      },
      "4": {
        "loc": {
          "start": {
            "line": 38,
            "column": 13
          },
          "end": {
            "line": 40,
            "column": 74
          }
        },
        "type": "cond-expr",
        "locations": [
          {
            "start": {
              "line": 39,
              "column": 14
            },
            "end": {
              "line": 40,
              "column": 67
            }
          },
          {
            "start": {
              "line": 40,
              "column": 70
            },
            "end": {
              "line": 40,
              "column": 74
            }
          }
        ],
        "line": 38
      }
    },
    "s": {
      "0": 186,
      "1": 186,
      "2": 186,
      "3": 28,
      "4": 8,
      "5": 8,
      "6": 8,
      "7": 186,
      "8": 34,
      "9": 34,
      "10": 28,
      "11": 6,
      "12": 6,
      "13": 186,
      "14": 608
    },
    "f": {
      "0": 186,
      "1": 28,
      "2": 34,
      "3": 608
    },
    "b": {
      "0": [
        28,
        6
      ],
      "1": [
        132,
        54
      ],
      "2": [
        96,
        90
      ],
      "3": [
        186,
        182
      ],
      "4": [
        86,
        4
      ]
    },
    "_coverageSchema": "1a1c01bbd47fc00a2c39e90264f33305004495a9",
    "hash": "0093491769e780e8e99f4693d3fc912d7294dcb5"
  },
  "/usr/src/app/src/components/footer/Footer.jsx": {
    "path": "/Users/ricardo/Documents/DEV/projects/test-hype-frontend/src/components/footer/Footer.jsx",
    "statementMap": {
      "0": {
        "start": {
          "line": 7,
          "column": 2
        },
        "end": {
          "line": 43,
          "column": 4
        }
      }
    },
    "fnMap": {
      "0": {
        "name": "Footer",
        "decl": {
          "start": {
            "line": 6,
            "column": 9
          },
          "end": {
            "line": 6,
            "column": 15
          }
        },
        "loc": {
          "start": {
            "line": 6,
            "column": 18
          },
          "end": {
            "line": 44,
            "column": 1
          }
        },
        "line": 6
      }
    },
    "branchMap": {},
    "s": {
      "0": 186
    },
    "f": {
      "0": 186
    },
    "b": {},
    "_coverageSchema": "1a1c01bbd47fc00a2c39e90264f33305004495a9",
    "hash": "cc9944321431f8923d1cb49cad559682c360f288"
  },
  "/usr/src/app/src/components/header/HeaderSearchBar.jsx": {
    "path": "/Users/ricardo/Documents/DEV/projects/test-hype-frontend/src/components/header/HeaderSearchBar.jsx",
    "statementMap": {
      "0": {
        "start": {
          "line": 7,
          "column": 42
        },
        "end": {
          "line": 7,
          "column": 57
        }
      },
      "1": {
        "start": {
          "line": 8,
          "column": 48
        },
        "end": {
          "line": 8,
          "column": 63
        }
      },
      "2": {
        "start": {
          "line": 10,
          "column": 107
        },
        "end": {
          "line": 10,
          "column": 126
        }
      },
      "3": {
        "start": {
          "line": 12,
          "column": 26
        },
        "end": {
          "line": 67,
          "column": 3
        }
      },
      "4": {
        "start": {
          "line": 13,
          "column": 4
        },
        "end": {
          "line": 13,
          "column": 24
        }
      },
      "5": {
        "start": {
          "line": 14,
          "column": 22
        },
        "end": {
          "line": 14,
          "column": 73
        }
      },
      "6": {
        "start": {
          "line": 16,
          "column": 4
        },
        "end": {
          "line": 66,
          "column": 5
        }
      },
      "7": {
        "start": {
          "line": 18,
          "column": 6
        },
        "end": {
          "line": 59,
          "column": 7
        }
      },
      "8": {
        "start": {
          "line": 20,
          "column": 8
        },
        "end": {
          "line": 45,
          "column": 9
        }
      },
      "9": {
        "start": {
          "line": 22,
          "column": 34
        },
        "end": {
          "line": 23,
          "column": 69
        }
      },
      "10": {
        "start": {
          "line": 23,
          "column": 12
        },
        "end": {
          "line": 23,
          "column": 68
        }
      },
      "11": {
        "start": {
          "line": 25,
          "column": 10
        },
        "end": {
          "line": 31,
          "column": 11
        }
      },
      "12": {
        "start": {
          "line": 26,
          "column": 12
        },
        "end": {
          "line": 26,
          "column": 34
        }
      },
      "13": {
        "start": {
          "line": 27,
          "column": 12
        },
        "end": {
          "line": 27,
          "column": 48
        }
      },
      "14": {
        "start": {
          "line": 30,
          "column": 12
        },
        "end": {
          "line": 30,
          "column": 34
        }
      },
      "15": {
        "start": {
          "line": 34,
          "column": 35
        },
        "end": {
          "line": 37,
          "column": 11
        }
      },
      "16": {
        "start": {
          "line": 35,
          "column": 12
        },
        "end": {
          "line": 36,
          "column": 24
        }
      },
      "17": {
        "start": {
          "line": 38,
          "column": 10
        },
        "end": {
          "line": 44,
          "column": 11
        }
      },
      "18": {
        "start": {
          "line": 39,
          "column": 12
        },
        "end": {
          "line": 39,
          "column": 34
        }
      },
      "19": {
        "start": {
          "line": 40,
          "column": 12
        },
        "end": {
          "line": 40,
          "column": 49
        }
      },
      "20": {
        "start": {
          "line": 43,
          "column": 12
        },
        "end": {
          "line": 43,
          "column": 34
        }
      },
      "21": {
        "start": {
          "line": 48,
          "column": 33
        },
        "end": {
          "line": 51,
          "column": 9
        }
      },
      "22": {
        "start": {
          "line": 49,
          "column": 10
        },
        "end": {
          "line": 50,
          "column": 22
        }
      },
      "23": {
        "start": {
          "line": 52,
          "column": 8
        },
        "end": {
          "line": 58,
          "column": 9
        }
      },
      "24": {
        "start": {
          "line": 53,
          "column": 10
        },
        "end": {
          "line": 53,
          "column": 32
        }
      },
      "25": {
        "start": {
          "line": 54,
          "column": 10
        },
        "end": {
          "line": 54,
          "column": 47
        }
      },
      "26": {
        "start": {
          "line": 57,
          "column": 10
        },
        "end": {
          "line": 57,
          "column": 32
        }
      },
      "27": {
        "start": {
          "line": 61,
          "column": 6
        },
        "end": {
          "line": 61,
          "column": 28
        }
      },
      "28": {
        "start": {
          "line": 62,
          "column": 6
        },
        "end": {
          "line": 64,
          "column": 7
        }
      },
      "29": {
        "start": {
          "line": 63,
          "column": 8
        },
        "end": {
          "line": 63,
          "column": 38
        }
      },
      "30": {
        "start": {
          "line": 65,
          "column": 6
        },
        "end": {
          "line": 65,
          "column": 35
        }
      },
      "31": {
        "start": {
          "line": 69,
          "column": 26
        },
        "end": {
          "line": 152,
          "column": 3
        }
      },
      "32": {
        "start": {
          "line": 71,
          "column": 22
        },
        "end": {
          "line": 71,
          "column": 73
        }
      },
      "33": {
        "start": {
          "line": 73,
          "column": 4
        },
        "end": {
          "line": 73,
          "column": 43
        }
      },
      "34": {
        "start": {
          "line": 75,
          "column": 4
        },
        "end": {
          "line": 151,
          "column": 5
        }
      },
      "35": {
        "start": {
          "line": 77,
          "column": 6
        },
        "end": {
          "line": 117,
          "column": 7
        }
      },
      "36": {
        "start": {
          "line": 79,
          "column": 8
        },
        "end": {
          "line": 105,
          "column": 9
        }
      },
      "37": {
        "start": {
          "line": 81,
          "column": 34
        },
        "end": {
          "line": 84,
          "column": 11
        }
      },
      "38": {
        "start": {
          "line": 82,
          "column": 12
        },
        "end": {
          "line": 83,
          "column": 28
        }
      },
      "39": {
        "start": {
          "line": 86,
          "column": 10
        },
        "end": {
          "line": 98,
          "column": 11
        }
      },
      "40": {
        "start": {
          "line": 88,
          "column": 12
        },
        "end": {
          "line": 88,
          "column": 48
        }
      },
      "41": {
        "start": {
          "line": 92,
          "column": 12
        },
        "end": {
          "line": 92,
          "column": 35
        }
      },
      "42": {
        "start": {
          "line": 93,
          "column": 12
        },
        "end": {
          "line": 96,
          "column": 21
        }
      },
      "43": {
        "start": {
          "line": 94,
          "column": 14
        },
        "end": {
          "line": 94,
          "column": 36
        }
      },
      "44": {
        "start": {
          "line": 95,
          "column": 14
        },
        "end": {
          "line": 95,
          "column": 39
        }
      },
      "45": {
        "start": {
          "line": 97,
          "column": 12
        },
        "end": {
          "line": 97,
          "column": 33
        }
      },
      "46": {
        "start": {
          "line": 102,
          "column": 10
        },
        "end": {
          "line": 102,
          "column": 32
        }
      },
      "47": {
        "start": {
          "line": 103,
          "column": 10
        },
        "end": {
          "line": 103,
          "column": 35
        }
      },
      "48": {
        "start": {
          "line": 104,
          "column": 10
        },
        "end": {
          "line": 104,
          "column": 40
        }
      },
      "49": {
        "start": {
          "line": 109,
          "column": 8
        },
        "end": {
          "line": 112,
          "column": 17
        }
      },
      "50": {
        "start": {
          "line": 110,
          "column": 10
        },
        "end": {
          "line": 110,
          "column": 35
        }
      },
      "51": {
        "start": {
          "line": 111,
          "column": 10
        },
        "end": {
          "line": 111,
          "column": 32
        }
      },
      "52": {
        "start": {
          "line": 113,
          "column": 8
        },
        "end": {
          "line": 113,
          "column": 32
        }
      },
      "53": {
        "start": {
          "line": 114,
          "column": 8
        },
        "end": {
          "line": 114,
          "column": 61
        }
      },
      "54": {
        "start": {
          "line": 115,
          "column": 8
        },
        "end": {
          "line": 115,
          "column": 34
        }
      },
      "55": {
        "start": {
          "line": 116,
          "column": 8
        },
        "end": {
          "line": 116,
          "column": 31
        }
      },
      "56": {
        "start": {
          "line": 122,
          "column": 6
        },
        "end": {
          "line": 150,
          "column": 7
        }
      },
      "57": {
        "start": {
          "line": 124,
          "column": 33
        },
        "end": {
          "line": 127,
          "column": 9
        }
      },
      "58": {
        "start": {
          "line": 125,
          "column": 10
        },
        "end": {
          "line": 126,
          "column": 26
        }
      },
      "59": {
        "start": {
          "line": 129,
          "column": 8
        },
        "end": {
          "line": 142,
          "column": 9
        }
      },
      "60": {
        "start": {
          "line": 131,
          "column": 10
        },
        "end": {
          "line": 131,
          "column": 32
        }
      },
      "61": {
        "start": {
          "line": 132,
          "column": 10
        },
        "end": {
          "line": 132,
          "column": 47
        }
      },
      "62": {
        "start": {
          "line": 136,
          "column": 10
        },
        "end": {
          "line": 136,
          "column": 33
        }
      },
      "63": {
        "start": {
          "line": 137,
          "column": 10
        },
        "end": {
          "line": 140,
          "column": 19
        }
      },
      "64": {
        "start": {
          "line": 138,
          "column": 12
        },
        "end": {
          "line": 138,
          "column": 34
        }
      },
      "65": {
        "start": {
          "line": 139,
          "column": 12
        },
        "end": {
          "line": 139,
          "column": 37
        }
      },
      "66": {
        "start": {
          "line": 141,
          "column": 10
        },
        "end": {
          "line": 141,
          "column": 31
        }
      },
      "67": {
        "start": {
          "line": 147,
          "column": 8
        },
        "end": {
          "line": 147,
          "column": 30
        }
      },
      "68": {
        "start": {
          "line": 148,
          "column": 8
        },
        "end": {
          "line": 148,
          "column": 33
        }
      },
      "69": {
        "start": {
          "line": 149,
          "column": 8
        },
        "end": {
          "line": 149,
          "column": 31
        }
      },
      "70": {
        "start": {
          "line": 154,
          "column": 22
        },
        "end": {
          "line": 162,
          "column": 3
        }
      },
      "71": {
        "start": {
          "line": 155,
          "column": 4
        },
        "end": {
          "line": 155,
          "column": 27
        }
      },
      "72": {
        "start": {
          "line": 156,
          "column": 4
        },
        "end": {
          "line": 156,
          "column": 29
        }
      },
      "73": {
        "start": {
          "line": 157,
          "column": 4
        },
        "end": {
          "line": 157,
          "column": 57
        }
      },
      "74": {
        "start": {
          "line": 158,
          "column": 4
        },
        "end": {
          "line": 158,
          "column": 55
        }
      },
      "75": {
        "start": {
          "line": 159,
          "column": 4
        },
        "end": {
          "line": 159,
          "column": 21
        }
      },
      "76": {
        "start": {
          "line": 160,
          "column": 4
        },
        "end": {
          "line": 160,
          "column": 26
        }
      },
      "77": {
        "start": {
          "line": 161,
          "column": 4
        },
        "end": {
          "line": 161,
          "column": 29
        }
      },
      "78": {
        "start": {
          "line": 164,
          "column": 2
        },
        "end": {
          "line": 199,
          "column": 4
        }
      },
      "79": {
        "start": {
          "line": 185,
          "column": 31
        },
        "end": {
          "line": 185,
          "column": 44
        }
      }
    },
    "fnMap": {
      "0": {
        "name": "SearchBar",
        "decl": {
          "start": {
            "line": 5,
            "column": 9
          },
          "end": {
            "line": 5,
            "column": 18
          }
        },
        "loc": {
          "start": {
            "line": 5,
            "column": 21
          },
          "end": {
            "line": 200,
            "column": 1
          }
        },
        "line": 5
      },
      "1": {
        "name": "(anonymous_1)",
        "decl": {
          "start": {
            "line": 12,
            "column": 26
          },
          "end": {
            "line": 12,
            "column": 27
          }
        },
        "loc": {
          "start": {
            "line": 12,
            "column": 53
          },
          "end": {
            "line": 67,
            "column": 3
          }
        },
        "line": 12
      },
      "2": {
        "name": "(anonymous_2)",
        "decl": {
          "start": {
            "line": 22,
            "column": 51
          },
          "end": {
            "line": 22,
            "column": 52
          }
        },
        "loc": {
          "start": {
            "line": 23,
            "column": 12
          },
          "end": {
            "line": 23,
            "column": 68
          }
        },
        "line": 23
      },
      "3": {
        "name": "(anonymous_3)",
        "decl": {
          "start": {
            "line": 34,
            "column": 51
          },
          "end": {
            "line": 34,
            "column": 52
          }
        },
        "loc": {
          "start": {
            "line": 35,
            "column": 12
          },
          "end": {
            "line": 36,
            "column": 24
          }
        },
        "line": 35
      },
      "4": {
        "name": "(anonymous_4)",
        "decl": {
          "start": {
            "line": 48,
            "column": 49
          },
          "end": {
            "line": 48,
            "column": 50
          }
        },
        "loc": {
          "start": {
            "line": 49,
            "column": 10
          },
          "end": {
            "line": 50,
            "column": 22
          }
        },
        "line": 49
      },
      "5": {
        "name": "(anonymous_5)",
        "decl": {
          "start": {
            "line": 69,
            "column": 26
          },
          "end": {
            "line": 69,
            "column": 27
          }
        },
        "loc": {
          "start": {
            "line": 69,
            "column": 32
          },
          "end": {
            "line": 152,
            "column": 3
          }
        },
        "line": 69
      },
      "6": {
        "name": "(anonymous_6)",
        "decl": {
          "start": {
            "line": 81,
            "column": 51
          },
          "end": {
            "line": 81,
            "column": 52
          }
        },
        "loc": {
          "start": {
            "line": 82,
            "column": 12
          },
          "end": {
            "line": 83,
            "column": 28
          }
        },
        "line": 82
      },
      "7": {
        "name": "(anonymous_7)",
        "decl": {
          "start": {
            "line": 93,
            "column": 23
          },
          "end": {
            "line": 93,
            "column": 24
          }
        },
        "loc": {
          "start": {
            "line": 93,
            "column": 29
          },
          "end": {
            "line": 96,
            "column": 13
          }
        },
        "line": 93
      },
      "8": {
        "name": "(anonymous_8)",
        "decl": {
          "start": {
            "line": 109,
            "column": 19
          },
          "end": {
            "line": 109,
            "column": 20
          }
        },
        "loc": {
          "start": {
            "line": 109,
            "column": 25
          },
          "end": {
            "line": 112,
            "column": 9
          }
        },
        "line": 109
      },
      "9": {
        "name": "(anonymous_9)",
        "decl": {
          "start": {
            "line": 124,
            "column": 49
          },
          "end": {
            "line": 124,
            "column": 50
          }
        },
        "loc": {
          "start": {
            "line": 125,
            "column": 10
          },
          "end": {
            "line": 126,
            "column": 26
          }
        },
        "line": 125
      },
      "10": {
        "name": "(anonymous_10)",
        "decl": {
          "start": {
            "line": 137,
            "column": 21
          },
          "end": {
            "line": 137,
            "column": 22
          }
        },
        "loc": {
          "start": {
            "line": 137,
            "column": 27
          },
          "end": {
            "line": 140,
            "column": 11
          }
        },
        "line": 137
      },
      "11": {
        "name": "(anonymous_11)",
        "decl": {
          "start": {
            "line": 154,
            "column": 22
          },
          "end": {
            "line": 154,
            "column": 23
          }
        },
        "loc": {
          "start": {
            "line": 154,
            "column": 28
          },
          "end": {
            "line": 162,
            "column": 3
          }
        },
        "line": 154
      },
      "12": {
        "name": "(anonymous_12)",
        "decl": {
          "start": {
            "line": 185,
            "column": 25
          },
          "end": {
            "line": 185,
            "column": 26
          }
        },
        "loc": {
          "start": {
            "line": 185,
            "column": 31
          },
          "end": {
            "line": 185,
            "column": 44
          }
        },
        "line": 185
      }
    },
    "branchMap": {
      "0": {
        "loc": {
          "start": {
            "line": 14,
            "column": 22
          },
          "end": {
            "line": 14,
            "column": 73
          }
        },
        "type": "binary-expr",
        "locations": [
          {
            "start": {
              "line": 14,
              "column": 22
            },
            "end": {
              "line": 14,
              "column": 67
            }
          },
          {
            "start": {
              "line": 14,
              "column": 71
            },
            "end": {
              "line": 14,
              "column": 73
            }
          }
        ],
        "line": 14
      },
      "1": {
        "loc": {
          "start": {
            "line": 16,
            "column": 4
          },
          "end": {
            "line": 66,
            "column": 5
          }
        },
        "type": "if",
        "locations": [
          {
            "start": {
              "line": 16,
              "column": 4
            },
            "end": {
              "line": 66,
              "column": 5
            }
          },
          {
            "start": {
              "line": 16,
              "column": 4
            },
            "end": {
              "line": 66,
              "column": 5
            }
          }
        ],
        "line": 16
      },
      "2": {
        "loc": {
          "start": {
            "line": 16,
            "column": 8
          },
          "end": {
            "line": 16,
            "column": 33
          }
        },
        "type": "binary-expr",
        "locations": [
          {
            "start": {
              "line": 16,
              "column": 8
            },
            "end": {
              "line": 16,
              "column": 13
            }
          },
          {
            "start": {
              "line": 16,
              "column": 17
            },
            "end": {
              "line": 16,
              "column": 33
            }
          }
        ],
        "line": 16
      },
      "3": {
        "loc": {
          "start": {
            "line": 18,
            "column": 6
          },
          "end": {
            "line": 59,
            "column": 7
          }
        },
        "type": "if",
        "locations": [
          {
            "start": {
              "line": 18,
              "column": 6
            },
            "end": {
              "line": 59,
              "column": 7
            }
          },
          {
            "start": {
              "line": 18,
              "column": 6
            },
            "end": {
              "line": 59,
              "column": 7
            }
          }
        ],
        "line": 18
      },
      "4": {
        "loc": {
          "start": {
            "line": 20,
            "column": 8
          },
          "end": {
            "line": 45,
            "column": 9
          }
        },
        "type": "if",
        "locations": [
          {
            "start": {
              "line": 20,
              "column": 8
            },
            "end": {
              "line": 45,
              "column": 9
            }
          },
          {
            "start": {
              "line": 20,
              "column": 8
            },
            "end": {
              "line": 45,
              "column": 9
            }
          }
        ],
        "line": 20
      },
      "5": {
        "loc": {
          "start": {
            "line": 20,
            "column": 12
          },
          "end": {
            "line": 20,
            "column": 45
          }
        },
        "type": "binary-expr",
        "locations": [
          {
            "start": {
              "line": 20,
              "column": 12
            },
            "end": {
              "line": 20,
              "column": 21
            }
          },
          {
            "start": {
              "line": 20,
              "column": 25
            },
            "end": {
              "line": 20,
              "column": 45
            }
          }
        ],
        "line": 20
      },
      "6": {
        "loc": {
          "start": {
            "line": 25,
            "column": 10
          },
          "end": {
            "line": 31,
            "column": 11
          }
        },
        "type": "if",
        "locations": [
          {
            "start": {
              "line": 25,
              "column": 10
            },
            "end": {
              "line": 31,
              "column": 11
            }
          },
          {
            "start": {
              "line": 25,
              "column": 10
            },
            "end": {
              "line": 31,
              "column": 11
            }
          }
        ],
        "line": 25
      },
      "7": {
        "loc": {
          "start": {
            "line": 25,
            "column": 14
          },
          "end": {
            "line": 25,
            "column": 59
          }
        },
        "type": "binary-expr",
        "locations": [
          {
            "start": {
              "line": 25,
              "column": 14
            },
            "end": {
              "line": 25,
              "column": 29
            }
          },
          {
            "start": {
              "line": 25,
              "column": 33
            },
            "end": {
              "line": 25,
              "column": 59
            }
          }
        ],
        "line": 25
      },
      "8": {
        "loc": {
          "start": {
            "line": 35,
            "column": 12
          },
          "end": {
            "line": 36,
            "column": 24
          }
        },
        "type": "binary-expr",
        "locations": [
          {
            "start": {
              "line": 35,
              "column": 12
            },
            "end": {
              "line": 35,
              "column": 68
            }
          },
          {
            "start": {
              "line": 36,
              "column": 12
            },
            "end": {
              "line": 36,
              "column": 24
            }
          }
        ],
        "line": 35
      },
      "9": {
        "loc": {
          "start": {
            "line": 38,
            "column": 10
          },
          "end": {
            "line": 44,
            "column": 11
          }
        },
        "type": "if",
        "locations": [
          {
            "start": {
              "line": 38,
              "column": 10
            },
            "end": {
              "line": 44,
              "column": 11
            }
          },
          {
            "start": {
              "line": 38,
              "column": 10
            },
            "end": {
              "line": 44,
              "column": 11
            }
          }
        ],
        "line": 38
      },
      "10": {
        "loc": {
          "start": {
            "line": 38,
            "column": 14
          },
          "end": {
            "line": 38,
            "column": 61
          }
        },
        "type": "binary-expr",
        "locations": [
          {
            "start": {
              "line": 38,
              "column": 14
            },
            "end": {
              "line": 38,
              "column": 30
            }
          },
          {
            "start": {
              "line": 38,
              "column": 34
            },
            "end": {
              "line": 38,
              "column": 61
            }
          }
        ],
        "line": 38
      },
      "11": {
        "loc": {
          "start": {
            "line": 49,
            "column": 10
          },
          "end": {
            "line": 50,
            "column": 22
          }
        },
        "type": "binary-expr",
        "locations": [
          {
            "start": {
              "line": 49,
              "column": 10
            },
            "end": {
              "line": 49,
              "column": 66
            }
          },
          {
            "start": {
              "line": 50,
              "column": 10
            },
            "end": {
              "line": 50,
              "column": 22
            }
          }
        ],
        "line": 49
      },
      "12": {
        "loc": {
          "start": {
            "line": 52,
            "column": 8
          },
          "end": {
            "line": 58,
            "column": 9
          }
        },
        "type": "if",
        "locations": [
          {
            "start": {
              "line": 52,
              "column": 8
            },
            "end": {
              "line": 58,
              "column": 9
            }
          },
          {
            "start": {
              "line": 52,
              "column": 8
            },
            "end": {
              "line": 58,
              "column": 9
            }
          }
        ],
        "line": 52
      },
      "13": {
        "loc": {
          "start": {
            "line": 52,
            "column": 12
          },
          "end": {
            "line": 52,
            "column": 59
          }
        },
        "type": "binary-expr",
        "locations": [
          {
            "start": {
              "line": 52,
              "column": 12
            },
            "end": {
              "line": 52,
              "column": 28
            }
          },
          {
            "start": {
              "line": 52,
              "column": 32
            },
            "end": {
              "line": 52,
              "column": 59
            }
          }
        ],
        "line": 52
      },
      "14": {
        "loc": {
          "start": {
            "line": 62,
            "column": 6
          },
          "end": {
            "line": 64,
            "column": 7
          }
        },
        "type": "if",
        "locations": [
          {
            "start": {
              "line": 62,
              "column": 6
            },
            "end": {
              "line": 64,
              "column": 7
            }
          },
          {
            "start": {
              "line": 62,
              "column": 6
            },
            "end": {
              "line": 64,
              "column": 7
            }
          }
        ],
        "line": 62
      },
      "15": {
        "loc": {
          "start": {
            "line": 62,
            "column": 10
          },
          "end": {
            "line": 62,
            "column": 66
          }
        },
        "type": "binary-expr",
        "locations": [
          {
            "start": {
              "line": 62,
              "column": 10
            },
            "end": {
              "line": 62,
              "column": 27
            }
          },
          {
            "start": {
              "line": 62,
              "column": 32
            },
            "end": {
              "line": 62,
              "column": 41
            }
          },
          {
            "start": {
              "line": 62,
              "column": 45
            },
            "end": {
              "line": 62,
              "column": 65
            }
          }
        ],
        "line": 62
      },
      "16": {
        "loc": {
          "start": {
            "line": 71,
            "column": 22
          },
          "end": {
            "line": 71,
            "column": 73
          }
        },
        "type": "binary-expr",
        "locations": [
          {
            "start": {
              "line": 71,
              "column": 22
            },
            "end": {
              "line": 71,
              "column": 67
            }
          },
          {
            "start": {
              "line": 71,
              "column": 71
            },
            "end": {
              "line": 71,
              "column": 73
            }
          }
        ],
        "line": 71
      },
      "17": {
        "loc": {
          "start": {
            "line": 75,
            "column": 4
          },
          "end": {
            "line": 151,
            "column": 5
          }
        },
        "type": "if",
        "locations": [
          {
            "start": {
              "line": 75,
              "column": 4
            },
            "end": {
              "line": 151,
              "column": 5
            }
          },
          {
            "start": {
              "line": 75,
              "column": 4
            },
            "end": {
              "line": 151,
              "column": 5
            }
          }
        ],
        "line": 75
      },
      "18": {
        "loc": {
          "start": {
            "line": 77,
            "column": 6
          },
          "end": {
            "line": 117,
            "column": 7
          }
        },
        "type": "if",
        "locations": [
          {
            "start": {
              "line": 77,
              "column": 6
            },
            "end": {
              "line": 117,
              "column": 7
            }
          },
          {
            "start": {
              "line": 77,
              "column": 6
            },
            "end": {
              "line": 117,
              "column": 7
            }
          }
        ],
        "line": 77
      },
      "19": {
        "loc": {
          "start": {
            "line": 77,
            "column": 10
          },
          "end": {
            "line": 77,
            "column": 43
          }
        },
        "type": "binary-expr",
        "locations": [
          {
            "start": {
              "line": 77,
              "column": 10
            },
            "end": {
              "line": 77,
              "column": 19
            }
          },
          {
            "start": {
              "line": 77,
              "column": 23
            },
            "end": {
              "line": 77,
              "column": 43
            }
          }
        ],
        "line": 77
      },
      "20": {
        "loc": {
          "start": {
            "line": 79,
            "column": 8
          },
          "end": {
            "line": 105,
            "column": 9
          }
        },
        "type": "if",
        "locations": [
          {
            "start": {
              "line": 79,
              "column": 8
            },
            "end": {
              "line": 105,
              "column": 9
            }
          },
          {
            "start": {
              "line": 79,
              "column": 8
            },
            "end": {
              "line": 105,
              "column": 9
            }
          }
        ],
        "line": 79
      },
      "21": {
        "loc": {
          "start": {
            "line": 82,
            "column": 12
          },
          "end": {
            "line": 83,
            "column": 28
          }
        },
        "type": "binary-expr",
        "locations": [
          {
            "start": {
              "line": 82,
              "column": 12
            },
            "end": {
              "line": 82,
              "column": 72
            }
          },
          {
            "start": {
              "line": 83,
              "column": 12
            },
            "end": {
              "line": 83,
              "column": 28
            }
          }
        ],
        "line": 82
      },
      "22": {
        "loc": {
          "start": {
            "line": 86,
            "column": 10
          },
          "end": {
            "line": 98,
            "column": 11
          }
        },
        "type": "if",
        "locations": [
          {
            "start": {
              "line": 86,
              "column": 10
            },
            "end": {
              "line": 98,
              "column": 11
            }
          },
          {
            "start": {
              "line": 86,
              "column": 10
            },
            "end": {
              "line": 98,
              "column": 11
            }
          }
        ],
        "line": 86
      },
      "23": {
        "loc": {
          "start": {
            "line": 86,
            "column": 14
          },
          "end": {
            "line": 86,
            "column": 59
          }
        },
        "type": "binary-expr",
        "locations": [
          {
            "start": {
              "line": 86,
              "column": 14
            },
            "end": {
              "line": 86,
              "column": 29
            }
          },
          {
            "start": {
              "line": 86,
              "column": 33
            },
            "end": {
              "line": 86,
              "column": 59
            }
          }
        ],
        "line": 86
      },
      "24": {
        "loc": {
          "start": {
            "line": 122,
            "column": 6
          },
          "end": {
            "line": 150,
            "column": 7
          }
        },
        "type": "if",
        "locations": [
          {
            "start": {
              "line": 122,
              "column": 6
            },
            "end": {
              "line": 150,
              "column": 7
            }
          },
          {
            "start": {
              "line": 122,
              "column": 6
            },
            "end": {
              "line": 150,
              "column": 7
            }
          }
        ],
        "line": 122
      },
      "25": {
        "loc": {
          "start": {
            "line": 125,
            "column": 10
          },
          "end": {
            "line": 126,
            "column": 26
          }
        },
        "type": "binary-expr",
        "locations": [
          {
            "start": {
              "line": 125,
              "column": 10
            },
            "end": {
              "line": 125,
              "column": 70
            }
          },
          {
            "start": {
              "line": 126,
              "column": 10
            },
            "end": {
              "line": 126,
              "column": 26
            }
          }
        ],
        "line": 125
      },
      "26": {
        "loc": {
          "start": {
            "line": 129,
            "column": 8
          },
          "end": {
            "line": 142,
            "column": 9
          }
        },
        "type": "if",
        "locations": [
          {
            "start": {
              "line": 129,
              "column": 8
            },
            "end": {
              "line": 142,
              "column": 9
            }
          },
          {
            "start": {
              "line": 129,
              "column": 8
            },
            "end": {
              "line": 142,
              "column": 9
            }
          }
        ],
        "line": 129
      },
      "27": {
        "loc": {
          "start": {
            "line": 129,
            "column": 12
          },
          "end": {
            "line": 129,
            "column": 59
          }
        },
        "type": "binary-expr",
        "locations": [
          {
            "start": {
              "line": 129,
              "column": 12
            },
            "end": {
              "line": 129,
              "column": 28
            }
          },
          {
            "start": {
              "line": 129,
              "column": 32
            },
            "end": {
              "line": 129,
              "column": 59
            }
          }
        ],
        "line": 129
      },
      "28": {
        "loc": {
          "start": {
            "line": 167,
            "column": 9
          },
          "end": {
            "line": 167,
            "column": 96
          }
        },
        "type": "cond-expr",
        "locations": [
          {
            "start": {
              "line": 167,
              "column": 26
            },
            "end": {
              "line": 167,
              "column": 89
            }
          },
          {
            "start": {
              "line": 167,
              "column": 92
            },
            "end": {
              "line": 167,
              "column": 96
            }
          }
        ],
        "line": 167
      },
      "29": {
        "loc": {
          "start": {
            "line": 168,
            "column": 9
          },
          "end": {
            "line": 168,
            "column": 122
          }
        },
        "type": "cond-expr",
        "locations": [
          {
            "start": {
              "line": 168,
              "column": 23
            },
            "end": {
              "line": 168,
              "column": 115
            }
          },
          {
            "start": {
              "line": 168,
              "column": 118
            },
            "end": {
              "line": 168,
              "column": 122
            }
          }
        ],
        "line": 168
      },
      "30": {
        "loc": {
          "start": {
            "line": 181,
            "column": 13
          },
          "end": {
            "line": 188,
            "column": 20
          }
        },
        "type": "cond-expr",
        "locations": [
          {
            "start": {
              "line": 182,
              "column": 16
            },
            "end": {
              "line": 187,
              "column": 23
            }
          },
          {
            "start": {
              "line": 188,
              "column": 16
            },
            "end": {
              "line": 188,
              "column": 20
            }
          }
        ],
        "line": 181
      }
    },
    "s": {
      "0": 158,
      "1": 158,
      "2": 158,
      "3": 158,
      "4": 48,
      "5": 48,
      "6": 48,
      "7": 48,
      "8": 0,
      "9": 0,
      "10": 0,
      "11": 0,
      "12": 0,
      "13": 0,
      "14": 0,
      "15": 0,
      "16": 0,
      "17": 0,
      "18": 0,
      "19": 0,
      "20": 0,
      "21": 48,
      "22": 0,
      "23": 48,
      "24": 0,
      "25": 0,
      "26": 48,
      "27": 0,
      "28": 0,
      "29": 0,
      "30": 0,
      "31": 158,
      "32": 2,
      "33": 2,
      "34": 2,
      "35": 2,
      "36": 2,
      "37": 0,
      "38": 0,
      "39": 0,
      "40": 0,
      "41": 0,
      "42": 0,
      "43": 0,
      "44": 0,
      "45": 0,
      "46": 2,
      "47": 2,
      "48": 2,
      "49": 0,
      "50": 0,
      "51": 0,
      "52": 0,
      "53": 0,
      "54": 0,
      "55": 0,
      "56": 0,
      "57": 0,
      "58": 0,
      "59": 0,
      "60": 0,
      "61": 0,
      "62": 0,
      "63": 0,
      "64": 0,
      "65": 0,
      "66": 0,
      "67": 0,
      "68": 0,
      "69": 0,
      "70": 158,
      "71": 4,
      "72": 4,
      "73": 4,
      "74": 4,
      "75": 4,
      "76": 4,
      "77": 4,
      "78": 158,
      "79": 4
    },
    "f": {
      "0": 158,
      "1": 48,
      "2": 0,
      "3": 0,
      "4": 0,
      "5": 2,
      "6": 0,
      "7": 0,
      "8": 0,
      "9": 0,
      "10": 0,
      "11": 4,
      "12": 4
    },
    "b": {
      "0": [
        48,
        48
      ],
      "1": [
        48,
        0
      ],
      "2": [
        48,
        0
      ],
      "3": [
        0,
        48
      ],
      "4": [
        0,
        0
      ],
      "5": [
        0,
        0
      ],
      "6": [
        0,
        0
      ],
      "7": [
        0,
        0
      ],
      "8": [
        0,
        0
      ],
      "9": [
        0,
        0
      ],
      "10": [
        0,
        0
      ],
      "11": [
        0,
        0
      ],
      "12": [
        0,
        48
      ],
      "13": [
        48,
        48
      ],
      "14": [
        0,
        0
      ],
      "15": [
        0,
        0,
        0
      ],
      "16": [
        2,
        0
      ],
      "17": [
        2,
        0
      ],
      "18": [
        2,
        0
      ],
      "19": [
        2,
        2
      ],
      "20": [
        0,
        2
      ],
      "21": [
        0,
        0
      ],
      "22": [
        0,
        0
      ],
      "23": [
        0,
        0
      ],
      "24": [
        0,
        0
      ],
      "25": [
        0,
        0
      ],
      "26": [
        0,
        0
      ],
      "27": [
        0,
        0
      ],
      "28": [
        0,
        158
      ],
      "29": [
        0,
        158
      ],
      "30": [
        96,
        62
      ]
    },
    "_coverageSchema": "1a1c01bbd47fc00a2c39e90264f33305004495a9",
    "hash": "146591fdaaa146e67bcbdcee5b0b0835f3389d21"
  },
  "/usr/src/app/src/utils/formatCoin.js": {
    "path": "/Users/ricardo/Documents/DEV/projects/test-hype-frontend/src/utils/formatCoin.js",
    "statementMap": {
      "0": {
        "start": {
          "line": 1,
          "column": 19
        },
        "end": {
          "line": 10,
          "column": 1
        }
      },
      "1": {
        "start": {
          "line": 3,
          "column": 20
        },
        "end": {
          "line": 7,
          "column": 4
        }
      },
      "2": {
        "start": {
          "line": 9,
          "column": 2
        },
        "end": {
          "line": 9,
          "column": 33
        }
      }
    },
    "fnMap": {
      "0": {
        "name": "(anonymous_0)",
        "decl": {
          "start": {
            "line": 1,
            "column": 19
          },
          "end": {
            "line": 1,
            "column": 20
          }
        },
        "loc": {
          "start": {
            "line": 1,
            "column": 30
          },
          "end": {
            "line": 10,
            "column": 1
          }
        },
        "line": 1
      }
    },
    "branchMap": {},
    "s": {
      "0": 10,
      "1": 641,
      "2": 641
    },
    "f": {
      "0": 641
    },
    "b": {},
    "_coverageSchema": "1a1c01bbd47fc00a2c39e90264f33305004495a9",
    "hash": "006daeef60cef4190f7b00546346c1de1ddc9be1"
  },
  "/usr/src/app/src/components/cards/CardProduct.jsx": {
    "path": "/Users/ricardo/Documents/DEV/projects/test-hype-frontend/src/components/cards/CardProduct.jsx",
    "statementMap": {
      "0": {
        "start": {
          "line": 10,
          "column": 19
        },
        "end": {
          "line": 10,
          "column": 32
        }
      },
      "1": {
        "start": {
          "line": 11,
          "column": 22
        },
        "end": {
          "line": 11,
          "column": 27
        }
      },
      "2": {
        "start": {
          "line": 13,
          "column": 20
        },
        "end": {
          "line": 13,
          "column": 90
        }
      },
      "3": {
        "start": {
          "line": 13,
          "column": 34
        },
        "end": {
          "line": 13,
          "column": 85
        }
      },
      "4": {
        "start": {
          "line": 15,
          "column": 40
        },
        "end": {
          "line": 15,
          "column": 55
        }
      },
      "5": {
        "start": {
          "line": 17,
          "column": 105
        },
        "end": {
          "line": 17,
          "column": 124
        }
      },
      "6": {
        "start": {
          "line": 19,
          "column": 2
        },
        "end": {
          "line": 24,
          "column": 32
        }
      },
      "7": {
        "start": {
          "line": 20,
          "column": 4
        },
        "end": {
          "line": 23,
          "column": 5
        }
      },
      "8": {
        "start": {
          "line": 21,
          "column": 25
        },
        "end": {
          "line": 21,
          "column": 81
        }
      },
      "9": {
        "start": {
          "line": 21,
          "column": 54
        },
        "end": {
          "line": 21,
          "column": 80
        }
      },
      "10": {
        "start": {
          "line": 22,
          "column": 6
        },
        "end": {
          "line": 22,
          "column": 34
        }
      },
      "11": {
        "start": {
          "line": 26,
          "column": 33
        },
        "end": {
          "line": 31,
          "column": 3
        }
      },
      "12": {
        "start": {
          "line": 27,
          "column": 4
        },
        "end": {
          "line": 27,
          "column": 35
        }
      },
      "13": {
        "start": {
          "line": 28,
          "column": 4
        },
        "end": {
          "line": 28,
          "column": 72
        }
      },
      "14": {
        "start": {
          "line": 29,
          "column": 4
        },
        "end": {
          "line": 29,
          "column": 27
        }
      },
      "15": {
        "start": {
          "line": 30,
          "column": 4
        },
        "end": {
          "line": 30,
          "column": 41
        }
      },
      "16": {
        "start": {
          "line": 33,
          "column": 20
        },
        "end": {
          "line": 68,
          "column": 3
        }
      },
      "17": {
        "start": {
          "line": 34,
          "column": 4
        },
        "end": {
          "line": 34,
          "column": 27
        }
      },
      "18": {
        "start": {
          "line": 36,
          "column": 4
        },
        "end": {
          "line": 67,
          "column": 5
        }
      },
      "19": {
        "start": {
          "line": 37,
          "column": 25
        },
        "end": {
          "line": 37,
          "column": 32
        }
      },
      "20": {
        "start": {
          "line": 38,
          "column": 6
        },
        "end": {
          "line": 38,
          "column": 30
        }
      },
      "21": {
        "start": {
          "line": 39,
          "column": 6
        },
        "end": {
          "line": 39,
          "column": 75
        }
      },
      "22": {
        "start": {
          "line": 40,
          "column": 6
        },
        "end": {
          "line": 40,
          "column": 40
        }
      },
      "23": {
        "start": {
          "line": 43,
          "column": 26
        },
        "end": {
          "line": 45,
          "column": 7
        }
      },
      "24": {
        "start": {
          "line": 44,
          "column": 25
        },
        "end": {
          "line": 44,
          "column": 58
        }
      },
      "25": {
        "start": {
          "line": 47,
          "column": 6
        },
        "end": {
          "line": 56,
          "column": 7
        }
      },
      "26": {
        "start": {
          "line": 48,
          "column": 27
        },
        "end": {
          "line": 48,
          "column": 34
        }
      },
      "27": {
        "start": {
          "line": 49,
          "column": 8
        },
        "end": {
          "line": 49,
          "column": 32
        }
      },
      "28": {
        "start": {
          "line": 50,
          "column": 25
        },
        "end": {
          "line": 52,
          "column": 9
        }
      },
      "29": {
        "start": {
          "line": 51,
          "column": 29
        },
        "end": {
          "line": 51,
          "column": 67
        }
      },
      "30": {
        "start": {
          "line": 53,
          "column": 8
        },
        "end": {
          "line": 53,
          "column": 34
        }
      },
      "31": {
        "start": {
          "line": 54,
          "column": 8
        },
        "end": {
          "line": 54,
          "column": 71
        }
      },
      "32": {
        "start": {
          "line": 55,
          "column": 8
        },
        "end": {
          "line": 55,
          "column": 42
        }
      },
      "33": {
        "start": {
          "line": 58,
          "column": 6
        },
        "end": {
          "line": 66,
          "column": 7
        }
      },
      "34": {
        "start": {
          "line": 59,
          "column": 27
        },
        "end": {
          "line": 59,
          "column": 38
        }
      },
      "35": {
        "start": {
          "line": 60,
          "column": 8
        },
        "end": {
          "line": 60,
          "column": 33
        }
      },
      "36": {
        "start": {
          "line": 61,
          "column": 25
        },
        "end": {
          "line": 63,
          "column": 9
        }
      },
      "37": {
        "start": {
          "line": 62,
          "column": 29
        },
        "end": {
          "line": 62,
          "column": 67
        }
      },
      "38": {
        "start": {
          "line": 64,
          "column": 8
        },
        "end": {
          "line": 64,
          "column": 34
        }
      },
      "39": {
        "start": {
          "line": 65,
          "column": 8
        },
        "end": {
          "line": 65,
          "column": 71
        }
      },
      "40": {
        "start": {
          "line": 70,
          "column": 22
        },
        "end": {
          "line": 96,
          "column": 3
        }
      },
      "41": {
        "start": {
          "line": 71,
          "column": 4
        },
        "end": {
          "line": 95,
          "column": 5
        }
      },
      "42": {
        "start": {
          "line": 72,
          "column": 25
        },
        "end": {
          "line": 72,
          "column": 32
        }
      },
      "43": {
        "start": {
          "line": 73,
          "column": 6
        },
        "end": {
          "line": 73,
          "column": 72
        }
      },
      "44": {
        "start": {
          "line": 74,
          "column": 6
        },
        "end": {
          "line": 74,
          "column": 26
        }
      },
      "45": {
        "start": {
          "line": 76,
          "column": 26
        },
        "end": {
          "line": 78,
          "column": 7
        }
      },
      "46": {
        "start": {
          "line": 77,
          "column": 25
        },
        "end": {
          "line": 77,
          "column": 58
        }
      },
      "47": {
        "start": {
          "line": 80,
          "column": 6
        },
        "end": {
          "line": 94,
          "column": 7
        }
      },
      "48": {
        "start": {
          "line": 81,
          "column": 27
        },
        "end": {
          "line": 81,
          "column": 34
        }
      },
      "49": {
        "start": {
          "line": 82,
          "column": 25
        },
        "end": {
          "line": 84,
          "column": 9
        }
      },
      "50": {
        "start": {
          "line": 83,
          "column": 29
        },
        "end": {
          "line": 83,
          "column": 67
        }
      },
      "51": {
        "start": {
          "line": 85,
          "column": 8
        },
        "end": {
          "line": 85,
          "column": 34
        }
      },
      "52": {
        "start": {
          "line": 86,
          "column": 8
        },
        "end": {
          "line": 86,
          "column": 68
        }
      },
      "53": {
        "start": {
          "line": 87,
          "column": 8
        },
        "end": {
          "line": 87,
          "column": 28
        }
      },
      "54": {
        "start": {
          "line": 89,
          "column": 25
        },
        "end": {
          "line": 91,
          "column": 9
        }
      },
      "55": {
        "start": {
          "line": 90,
          "column": 29
        },
        "end": {
          "line": 90,
          "column": 68
        }
      },
      "56": {
        "start": {
          "line": 92,
          "column": 8
        },
        "end": {
          "line": 92,
          "column": 68
        }
      },
      "57": {
        "start": {
          "line": 93,
          "column": 8
        },
        "end": {
          "line": 93,
          "column": 29
        }
      },
      "58": {
        "start": {
          "line": 98,
          "column": 2
        },
        "end": {
          "line": 139,
          "column": 4
        }
      },
      "59": {
        "start": {
          "line": 142,
          "column": 0
        },
        "end": {
          "line": 149,
          "column": 2
        }
      }
    },
    "fnMap": {
      "0": {
        "name": "CardProduct",
        "decl": {
          "start": {
            "line": 9,
            "column": 9
          },
          "end": {
            "line": 9,
            "column": 20
          }
        },
        "loc": {
          "start": {
            "line": 9,
            "column": 28
          },
          "end": {
            "line": 140,
            "column": 1
          }
        },
        "line": 9
      },
      "1": {
        "name": "(anonymous_1)",
        "decl": {
          "start": {
            "line": 13,
            "column": 28
          },
          "end": {
            "line": 13,
            "column": 29
          }
        },
        "loc": {
          "start": {
            "line": 13,
            "column": 34
          },
          "end": {
            "line": 13,
            "column": 85
          }
        },
        "line": 13
      },
      "2": {
        "name": "(anonymous_2)",
        "decl": {
          "start": {
            "line": 19,
            "column": 12
          },
          "end": {
            "line": 19,
            "column": 13
          }
        },
        "loc": {
          "start": {
            "line": 19,
            "column": 18
          },
          "end": {
            "line": 24,
            "column": 3
          }
        },
        "line": 19
      },
      "3": {
        "name": "(anonymous_3)",
        "decl": {
          "start": {
            "line": 21,
            "column": 40
          },
          "end": {
            "line": 21,
            "column": 41
          }
        },
        "loc": {
          "start": {
            "line": 21,
            "column": 54
          },
          "end": {
            "line": 21,
            "column": 80
          }
        },
        "line": 21
      },
      "4": {
        "name": "(anonymous_4)",
        "decl": {
          "start": {
            "line": 26,
            "column": 33
          },
          "end": {
            "line": 26,
            "column": 34
          }
        },
        "loc": {
          "start": {
            "line": 26,
            "column": 39
          },
          "end": {
            "line": 31,
            "column": 3
          }
        },
        "line": 26
      },
      "5": {
        "name": "(anonymous_5)",
        "decl": {
          "start": {
            "line": 33,
            "column": 20
          },
          "end": {
            "line": 33,
            "column": 21
          }
        },
        "loc": {
          "start": {
            "line": 33,
            "column": 26
          },
          "end": {
            "line": 68,
            "column": 3
          }
        },
        "line": 33
      },
      "6": {
        "name": "(anonymous_6)",
        "decl": {
          "start": {
            "line": 44,
            "column": 8
          },
          "end": {
            "line": 44,
            "column": 9
          }
        },
        "loc": {
          "start": {
            "line": 44,
            "column": 25
          },
          "end": {
            "line": 44,
            "column": 58
          }
        },
        "line": 44
      },
      "7": {
        "name": "(anonymous_7)",
        "decl": {
          "start": {
            "line": 51,
            "column": 10
          },
          "end": {
            "line": 51,
            "column": 11
          }
        },
        "loc": {
          "start": {
            "line": 51,
            "column": 29
          },
          "end": {
            "line": 51,
            "column": 67
          }
        },
        "line": 51
      },
      "8": {
        "name": "(anonymous_8)",
        "decl": {
          "start": {
            "line": 62,
            "column": 10
          },
          "end": {
            "line": 62,
            "column": 11
          }
        },
        "loc": {
          "start": {
            "line": 62,
            "column": 29
          },
          "end": {
            "line": 62,
            "column": 67
          }
        },
        "line": 62
      },
      "9": {
        "name": "(anonymous_9)",
        "decl": {
          "start": {
            "line": 70,
            "column": 22
          },
          "end": {
            "line": 70,
            "column": 23
          }
        },
        "loc": {
          "start": {
            "line": 70,
            "column": 28
          },
          "end": {
            "line": 96,
[...]
          "line": 24,
          "column": 16
        },
        "end": {
          "line": 40,
          "column": 3
        }
      },
      "11": {
        "start": {
          "line": 43,
          "column": 2
        },
        "end": {
          "line": 66,
          "column": 4
        }
      }
    },
    "fnMap": {
      "0": {
        "name": "Cart",
        "decl": {
          "start": {
            "line": 8,
            "column": 9
          },
          "end": {
            "line": 8,
            "column": 13
          }
        },
        "loc": {
          "start": {
            "line": 8,
            "column": 16
          },
          "end": {
            "line": 67,
            "column": 1
          }
        },
        "line": 8
      },
      "1": {
        "name": "(anonymous_1)",
        "decl": {
          "start": {
            "line": 9,
            "column": 35
          },
          "end": {
            "line": 9,
            "column": 36
          }
        },
        "loc": {
          "start": {
            "line": 9,
            "column": 41
          },
          "end": {
            "line": 9,
            "column": 93
          }
        },
        "line": 9
      },
      "2": {
        "name": "(anonymous_2)",
        "decl": {
          "start": {
            "line": 18,
            "column": 12
          },
          "end": {
            "line": 18,
            "column": 13
          }
        },
        "loc": {
          "start": {
            "line": 18,
            "column": 18
          },
          "end": {
            "line": 22,
            "column": 3
          }
        },
        "line": 18
      }
    },
    "branchMap": {
      "0": {
        "loc": {
          "start": {
            "line": 9,
            "column": 41
          },
          "end": {
            "line": 9,
            "column": 93
          }
        },
        "type": "binary-expr",
        "locations": [
          {
            "start": {
              "line": 9,
              "column": 41
            },
            "end": {
              "line": 9,
              "column": 89
            }
          },
          {
            "start": {
              "line": 9,
              "column": 91
            },
            "end": {
              "line": 9,
              "column": 93
            }
          }
        ],
        "line": 9
      },
      "1": {
        "loc": {
          "start": {
            "line": 10,
            "column": 27
          },
          "end": {
            "line": 10,
            "column": 65
          }
        },
        "type": "binary-expr",
        "locations": [
          {
            "start": {
              "line": 10,
              "column": 27
            },
            "end": {
              "line": 10,
              "column": 60
            }
          },
          {
            "start": {
              "line": 10,
              "column": 64
            },
            "end": {
              "line": 10,
              "column": 65
            }
          }
        ],
        "line": 10
      },
      "2": {
        "loc": {
          "start": {
            "line": 19,
            "column": 4
          },
          "end": {
            "line": 21,
            "column": 5
          }
        },
        "type": "if",
        "locations": [
          {
            "start": {
              "line": 19,
              "column": 4
            },
            "end": {
              "line": 21,
              "column": 5
            }
          },
          {
            "start": {
              "line": 19,
              "column": 4
            },
            "end": {
              "line": 21,
              "column": 5
            }
          }
        ],
        "line": 19
      },
      "3": {
        "loc": {
          "start": {
            "line": 51,
            "column": 7
          },
          "end": {
            "line": 63,
            "column": 29
          }
        },
        "type": "cond-expr",
        "locations": [
          {
            "start": {
              "line": 52,
              "column": 8
            },
            "end": {
              "line": 63,
              "column": 14
            }
          },
          {
            "start": {
              "line": 63,
              "column": 17
            },
            "end": {
              "line": 63,
              "column": 29
            }
          }
        ],
        "line": 51
      },
      "4": {
        "loc": {
          "start": {
            "line": 59,
            "column": 47
          },
          "end": {
            "line": 59,
            "column": 61
          }
        },
        "type": "binary-expr",
        "locations": [
          {
            "start": {
              "line": 59,
              "column": 47
            },
            "end": {
              "line": 59,
              "column": 56
            }
          },
          {
            "start": {
              "line": 59,
              "column": 60
            },
            "end": {
              "line": 59,
              "column": 61
            }
          }
        ],
        "line": 59
      }
    },
    "s": {
      "0": 24,
      "1": 24,
      "2": 24,
      "3": 24,
      "4": 24,
      "5": 24,
      "6": 24,
      "7": 24,
      "8": 12,
      "9": 12,
      "10": 24,
      "11": 24
    },
    "f": {
      "0": 24,
      "1": 24,
      "2": 12
    },
    "b": {
      "0": [
        24,
        24
      ],
      "1": [
        24,
        24
      ],
      "2": [
        12,
        0
      ],
      "3": [
        8,
        16
      ],
      "4": [
        8,
        8
      ]
    },
    "_coverageSchema": "1a1c01bbd47fc00a2c39e90264f33305004495a9",
    "hash": "a5f54ee1dae0361bda1c85e9fcbaeda3410d94e5"
  },
  "/usr/src/app/src/pages/Checkout.jsx": {
    "path": "/Users/ricardo/Documents/DEV/projects/test-hype-frontend/src/pages/Checkout.jsx",
    "statementMap": {
      "0": {
        "start": {
          "line": 7,
          "column": 20
        },
        "end": {
          "line": 7,
          "column": 33
        }
      },
      "1": {
        "start": {
          "line": 8,
          "column": 19
        },
        "end": {
          "line": 8,
          "column": 30
        }
      },
      "2": {
        "start": {
          "line": 10,
          "column": 23
        },
        "end": {
          "line": 21,
          "column": 3
        }
      },
      "3": {
        "start": {
          "line": 11,
          "column": 21
        },
        "end": {
          "line": 11,
          "column": 54
        }
      },
      "4": {
        "start": {
          "line": 12,
          "column": 17
        },
        "end": {
          "line": 12,
          "column": 38
        }
      },
      "5": {
        "start": {
          "line": 13,
          "column": 17
        },
        "end": {
          "line": 13,
          "column": 65
        }
      },
      "6": {
        "start": {
          "line": 14,
          "column": 17
        },
        "end": {
          "line": 14,
          "column": 42
        }
      },
      "7": {
        "start": {
          "line": 15,
          "column": 17
        },
        "end": {
          "line": 15,
          "column": 44
        }
      },
      "8": {
        "start": {
          "line": 16,
          "column": 4
        },
        "end": {
          "line": 16,
          "column": 21
        }
      },
      "9": {
        "start": {
          "line": 17,
          "column": 4
        },
        "end": {
          "line": 17,
          "column": 39
        }
      },
      "10": {
        "start": {
          "line": 18,
          "column": 4
        },
        "end": {
          "line": 18,
          "column": 36
        }
      },
      "11": {
        "start": {
          "line": 19,
          "column": 4
        },
        "end": {
          "line": 19,
          "column": 17
        }
      },
      "12": {
        "start": {
          "line": 20,
          "column": 4
        },
        "end": {
          "line": 20,
          "column": 36
        }
      },
      "13": {
        "start": {
          "line": 23,
          "column": 2
        },
        "end": {
          "line": 42,
          "column": 4
        }
      }
    },
    "fnMap": {
      "0": {
        "name": "Checkout",
        "decl": {
          "start": {
            "line": 6,
            "column": 9
          },
          "end": {
            "line": 6,
            "column": 17
          }
        },
        "loc": {
          "start": {
            "line": 6,
            "column": 20
          },
          "end": {
            "line": 43,
            "column": 1
          }
        },
        "line": 6
      },
      "1": {
        "name": "(anonymous_1)",
        "decl": {
          "start": {
            "line": 10,
            "column": 23
          },
          "end": {
            "line": 10,
            "column": 24
          }
        },
        "loc": {
          "start": {
            "line": 10,
            "column": 35
          },
          "end": {
            "line": 21,
            "column": 3
          }
        },
        "line": 10
      }
    },
    "branchMap": {
      "0": {
        "loc": {
          "start": {
            "line": 8,
            "column": 19
          },
          "end": {
            "line": 8,
            "column": 30
          }
        },
        "type": "binary-expr",
        "locations": [
          {
            "start": {
              "line": 8,
              "column": 19
            },
            "end": {
              "line": 8,
              "column": 24
            }
          },
          {
            "start": {
              "line": 8,
              "column": 28
            },
            "end": {
              "line": 8,
              "column": 30
            }
          }
        ],
        "line": 8
      }
    },
    "s": {
      "0": 0,
      "1": 0,
      "2": 0,
      "3": 0,
      "4": 0,
      "5": 0,
      "6": 0,
      "7": 0,
      "8": 0,
      "9": 0,
      "10": 0,
      "11": 0,
      "12": 0,
      "13": 0
    },
    "f": {
      "0": 0,
      "1": 0
    },
    "b": {
      "0": [
        0,
        0
      ]
    },
    "_coverageSchema": "1a1c01bbd47fc00a2c39e90264f33305004495a9",
    "hash": "431578ab3cccdcf9a2235cf595e0e6989dd2bf01"
  },
  "/usr/src/app/src/pages/index.js": {
    "path": "/Users/ricardo/Documents/DEV/projects/test-hype-frontend/src/pages/index.js",
    "statementMap": {},
    "fnMap": {},
    "branchMap": {},
    "s": {},
    "f": {},
    "b": {},
    "_coverageSchema": "1a1c01bbd47fc00a2c39e90264f33305004495a9",
    "hash": "6de9b1a28ae2ff16c5bd6ef809eda7b39539dc30"
  },
  "/usr/src/app/src/context/Provider.js": {
    "path": "/Users/ricardo/Documents/DEV/projects/test-hype-frontend/src/context/Provider.js",
    "statementMap": {
      "0": {
        "start": {
          "line": 6,
          "column": 36
        },
        "end": {
          "line": 6,
          "column": 48
        }
      },
      "1": {
        "start": {
          "line": 8,
          "column": 50
        },
        "end": {
          "line": 8,
          "column": 62
        }
      },
      "2": {
        "start": {
          "line": 9,
          "column": 44
        },
        "end": {
          "line": 9,
          "column": 56
        }
      },
      "3": {
        "start": {
          "line": 10,
          "column": 56
        },
        "end": {
          "line": 10,
          "column": 68
        }
      },
      "4": {
        "start": {
          "line": 11,
          "column": 38
        },
        "end": {
          "line": 11,
          "column": 49
        }
      },
      "5": {
        "start": {
          "line": 12,
          "column": 44
        },
        "end": {
          "line": 12,
          "column": 55
        }
      },
      "6": {
        "start": {
          "line": 13,
          "column": 52
        },
        "end": {
          "line": 13,
          "column": 66
        }
      },
      "7": {
        "start": {
          "line": 14,
          "column": 44
        },
        "end": {
          "line": 14,
          "column": 59
        }
      },
      "8": {
        "start": {
          "line": 15,
          "column": 36
        },
        "end": {
          "line": 15,
          "column": 48
        }
      },
      "9": {
        "start": {
          "line": 17,
          "column": 24
        },
        "end": {
          "line": 27,
          "column": 3
        }
      },
      "10": {
        "start": {
          "line": 29,
          "column": 2
        },
        "end": {
          "line": 33,
          "column": 4
        }
      },
      "11": {
        "start": {
          "line": 36,
          "column": 0
        },
        "end": {
          "line": 38,
          "column": 2
        }
      }
    },
    "fnMap": {
      "0": {
        "name": "Provider",
        "decl": {
          "start": {
            "line": 5,
            "column": 9
          },
          "end": {
            "line": 5,
            "column": 17
          }
        },
        "loc": {
          "start": {
            "line": 5,
            "column": 32
          },
          "end": {
            "line": 34,
            "column": 1
          }
        },
        "line": 5
      }
    },
    "branchMap": {},
    "s": {
      "0": 178,
      "1": 178,
      "2": 178,
      "3": 178,
      "4": 178,
      "5": 178,
      "6": 178,
      "7": 178,
      "8": 178,
      "9": 178,
      "10": 178,
      "11": 10
    },
    "f": {
      "0": 178
    },
    "b": {},
    "_coverageSchema": "1a1c01bbd47fc00a2c39e90264f33305004495a9",
    "hash": "88417d25a57c1b7cf0c4e9951f40d007fe7d6038"
  },
  "/usr/src/app/src/App.js": {
    "path": "/Users/ricardo/Documents/DEV/projects/test-hype-frontend/src/App.js",
    "statementMap": {
      "0": {
        "start": {
          "line": 7,
          "column": 2
        },
        "end": {
          "line": 18,
          "column": 4
        }
      }
    },
    "fnMap": {
      "0": {
        "name": "App",
        "decl": {
          "start": {
            "line": 6,
            "column": 9
          },
          "end": {
            "line": 6,
            "column": 12
          }
        },
        "loc": {
          "start": {
            "line": 6,
            "column": 15
          },
          "end": {
            "line": 19,
            "column": 1
          }
        },
        "line": 6
      }
    },
    "branchMap": {},
    "s": {
      "0": 20
    },
    "f": {
      "0": 20
    },
    "b": {},
    "_coverageSchema": "1a1c01bbd47fc00a2c39e90264f33305004495a9",
    "hash": "72aec4f72dcd8ea13d7fd6a0c25ed9bd27b82b88"
  },
  "/usr/src/app/src/reportWebVitals.js": {
    "path": "/Users/ricardo/Documents/DEV/projects/test-hype-frontend/src/reportWebVitals.js",
    "statementMap": {
      "0": {
        "start": {
          "line": 1,
          "column": 24
        },
        "end": {
          "line": 11,
          "column": 1
        }
      },
      "1": {
        "start": {
          "line": 2,
          "column": 2
        },
        "end": {
          "line": 10,
          "column": 3
        }
      },
      "2": {
        "start": {
          "line": 3,
          "column": 4
        },
        "end": {
          "line": 9,
          "column": 7
        }
      },
      "3": {
        "start": {
          "line": 4,
          "column": 6
        },
        "end": {
          "line": 4,
          "column": 26
        }
      },
      "4": {
        "start": {
          "line": 5,
          "column": 6
        },
        "end": {
          "line": 5,
          "column": 26
        }
      },
      "5": {
        "start": {
          "line": 6,
          "column": 6
        },
        "end": {
          "line": 6,
          "column": 26
        }
      },
      "6": {
        "start": {
          "line": 7,
          "column": 6
        },
        "end": {
          "line": 7,
          "column": 26
        }
      },
      "7": {
        "start": {
          "line": 8,
          "column": 6
        },
        "end": {
          "line": 8,
          "column": 27
        }
      }
    },
    "fnMap": {
      "0": {
        "name": "(anonymous_0)",
        "decl": {
          "start": {
            "line": 1,
            "column": 24
          },
          "end": {
            "line": 1,
            "column": 25
          }
        },
        "loc": {
          "start": {
            "line": 1,
            "column": 39
          },
          "end": {
            "line": 11,
            "column": 1
          }
        },
        "line": 1
      },
      "1": {
        "name": "(anonymous_1)",
        "decl": {
          "start": {
            "line": 3,
            "column": 30
          },
          "end": {
            "line": 3,
            "column": 31
          }
        },
        "loc": {
          "start": {
            "line": 3,
            "column": 79
          },
          "end": {
            "line": 9,
            "column": 5
          }
        },
        "line": 3
      }
    },
    "branchMap": {
      "0": {
        "loc": {
          "start": {
            "line": 2,
            "column": 2
          },
          "end": {
            "line": 10,
            "column": 3
          }
        },
        "type": "if",
        "locations": [
          {
            "start": {
              "line": 2,
              "column": 2
            },
            "end": {
              "line": 10,
              "column": 3
            }
          },
          {
            "start": {
              "line": 2,
              "column": 2
            },
            "end": {
              "line": 10,
              "column": 3
            }
          }
        ],
        "line": 2
      },
      "1": {
        "loc": {
          "start": {
            "line": 2,
            "column": 6
          },
          "end": {
            "line": 2,
            "column": 52
          }
        },
        "type": "binary-expr",
        "locations": [
          {
            "start": {
              "line": 2,
              "column": 6
            },
            "end": {
              "line": 2,
              "column": 17
            }
          },
          {
            "start": {
              "line": 2,
              "column": 21
            },
            "end": {
              "line": 2,
              "column": 52
            }
          }
        ],
        "line": 2
      }
    },
    "s": {
      "0": 10,
      "1": 10,
      "2": 0,
      "3": 0,
      "4": 0,
      "5": 0,
      "6": 0,
      "7": 0
    },
    "f": {
      "0": 10,
      "1": 0
    },
    "b": {
      "0": [
        0,
        10
      ],
      "1": [
        10,
        0
      ]
    },
    "_coverageSchema": "1a1c01bbd47fc00a2c39e90264f33305004495a9",
    "hash": "794e0f90dd37d9edc2b5421be5cce34b69dc75ed"
  },
  "/usr/src/app/src/index.js": {
    "path": "/Users/ricardo/Documents/DEV/projects/test-hype-frontend/src/index.js",
    "statementMap": {
      "0": {
        "start": {
          "line": 6,
          "column": 13
        },
        "end": {
          "line": 6,
          "column": 65
        }
      },
      "1": {
        "start": {
          "line": 7,
          "column": 0
        },
        "end": {
          "line": 11,
          "column": 2
        }
      },
      "2": {
        "start": {
          "line": 16,
          "column": 0
        },
        "end": {
          "line": 16,
          "column": 18
        }
      }
    },
    "fnMap": {},
    "branchMap": {},
    "s": {
      "0": 10,
      "1": 10,
      "2": 10
    },
    "f": {},
    "b": {},
    "_coverageSchema": "1a1c01bbd47fc00a2c39e90264f33305004495a9",
    "hash": "ed2be719023fc8ba1793f3b71110ed8af1916102"
  }
}
