{
  "/Users/ricardo/Downloads/hype-test-frontend/src/context/Context.js": {
    "path": "/Users/ricardo/Downloads/hype-test-frontend/src/context/Context.js",
    "statementMap": {
      "0": {
        "start": {
          "line": 3,
          "column": 16
        },
        "end": {
          "line": 3,
          "column": 31
        }
      }
    },
    "fnMap": {},
    "branchMap": {},
    "s": {
      "0": 10
    },
    "f": {},
    "b": {},
    "_coverageSchema": "1a1c01bbd47fc00a2c39e90264f33305004495a9",
    "hash": "6e11e13827613914b74e8f8e3555803929aef913"
  },
  "/Users/ricardo/Downloads/hype-test-frontend/src/utils/formatCoin.js": {
    "path": "/Users/ricardo/Downloads/hype-test-frontend/src/utils/formatCoin.js",
    "statementMap": {
      "0": {
        "start": {
          "line": 1,
          "column": 19
        },
        "end": {
          "line": 10,
          "column": 1
        }
      },
      "1": {
        "start": {
          "line": 3,
          "column": 20
        },
        "end": {
          "line": 7,
          "column": 4
        }
      },
      "2": {
        "start": {
          "line": 9,
          "column": 2
        },
        "end": {
          "line": 9,
          "column": 33
        }
      }
    },
    "fnMap": {
      "0": {
        "name": "(anonymous_0)",
        "decl": {
          "start": {
            "line": 1,
            "column": 19
          },
          "end": {
            "line": 1,
            "column": 20
          }
        },
        "loc": {
          "start": {
            "line": 1,
            "column": 30
          },
          "end": {
            "line": 10,
            "column": 1
          }
        },
        "line": 1
      }
    },
    "branchMap": {},
    "s": {
      "0": 10,
      "1": 1342,
      "2": 1342
    },
    "f": {
      "0": 1342
    },
    "b": {},
    "_coverageSchema": "1a1c01bbd47fc00a2c39e90264f33305004495a9",
    "hash": "eb0227baddb71f99155450027ad9dbf1d93cd39a"
  },
  "/Users/ricardo/Downloads/hype-test-frontend/src/components/cards/CardProduct.jsx": {
    "path": "/Users/ricardo/Downloads/hype-test-frontend/src/components/cards/CardProduct.jsx",
    "statementMap": {
      "0": {
        "start": {
          "line": 10,
          "column": 19
        },
        "end": {
          "line": 10,
          "column": 32
        }
      },
      "1": {
        "start": {
          "line": 11,
          "column": 22
        },
        "end": {
          "line": 11,
          "column": 27
        }
      },
      "2": {
        "start": {
          "line": 13,
          "column": 20
        },
        "end": {
          "line": 13,
          "column": 90
        }
      },
      "3": {
        "start": {
          "line": 13,
          "column": 34
        },
        "end": {
          "line": 13,
          "column": 85
        }
      },
      "4": {
        "start": {
          "line": 15,
          "column": 40
        },
        "end": {
          "line": 15,
          "column": 55
        }
      },
      "5": {
        "start": {
          "line": 17,
          "column": 136
        },
        "end": {
          "line": 17,
          "column": 155
        }
      },
      "6": {
        "start": {
          "line": 19,
          "column": 2
        },
        "end": {
          "line": 24,
          "column": 32
        }
      },
      "7": {
        "start": {
          "line": 20,
          "column": 4
        },
        "end": {
          "line": 23,
          "column": 5
        }
      },
      "8": {
        "start": {
          "line": 21,
          "column": 25
        },
        "end": {
          "line": 21,
          "column": 81
        }
      },
      "9": {
        "start": {
          "line": 21,
          "column": 54
        },
        "end": {
          "line": 21,
          "column": 80
        }
      },
      "10": {
        "start": {
          "line": 22,
          "column": 6
        },
        "end": {
          "line": 22,
          "column": 34
        }
      },
      "11": {
        "start": {
          "line": 26,
          "column": 33
        },
        "end": {
          "line": 31,
          "column": 3
        }
      },
      "12": {
        "start": {
          "line": 27,
          "column": 4
        },
        "end": {
          "line": 27,
          "column": 35
        }
      },
      "13": {
        "start": {
          "line": 28,
          "column": 4
        },
        "end": {
          "line": 28,
          "column": 72
        }
      },
      "14": {
        "start": {
          "line": 29,
          "column": 4
        },
        "end": {
          "line": 29,
          "column": 27
        }
      },
      "15": {
        "start": {
          "line": 30,
          "column": 4
        },
        "end": {
          "line": 30,
          "column": 41
        }
      },
      "16": {
        "start": {
          "line": 33,
          "column": 20
        },
        "end": {
          "line": 69,
          "column": 3
        }
      },
      "17": {
        "start": {
          "line": 35,
          "column": 4
        },
        "end": {
          "line": 68,
          "column": 5
        }
      },
      "18": {
        "start": {
          "line": 36,
          "column": 25
        },
        "end": {
          "line": 36,
          "column": 32
        }
      },
      "19": {
        "start": {
          "line": 37,
          "column": 6
        },
        "end": {
          "line": 37,
          "column": 30
        }
      },
      "20": {
        "start": {
          "line": 38,
          "column": 6
        },
        "end": {
          "line": 38,
          "column": 75
        }
      },
      "21": {
        "start": {
          "line": 39,
          "column": 6
        },
        "end": {
          "line": 39,
          "column": 40
        }
      },
      "22": {
        "start": {
          "line": 42,
          "column": 26
        },
        "end": {
          "line": 44,
          "column": 7
        }
      },
      "23": {
        "start": {
          "line": 43,
          "column": 25
        },
        "end": {
          "line": 43,
          "column": 58
        }
      },
      "24": {
        "start": {
          "line": 46,
          "column": 6
        },
        "end": {
          "line": 56,
          "column": 7
        }
      },
      "25": {
        "start": {
          "line": 47,
          "column": 8
        },
        "end": {
          "line": 47,
          "column": 36
        }
      },
      "26": {
        "start": {
          "line": 48,
          "column": 27
        },
        "end": {
          "line": 48,
          "column": 34
        }
      },
      "27": {
        "start": {
          "line": 49,
          "column": 8
        },
        "end": {
          "line": 49,
          "column": 32
        }
      },
      "28": {
        "start": {
          "line": 50,
          "column": 25
        },
        "end": {
          "line": 52,
          "column": 9
        }
      },
      "29": {
        "start": {
          "line": 51,
          "column": 29
        },
        "end": {
          "line": 51,
          "column": 67
        }
      },
      "30": {
        "start": {
          "line": 53,
          "column": 8
        },
        "end": {
          "line": 53,
          "column": 34
        }
      },
      "31": {
        "start": {
          "line": 54,
          "column": 8
        },
        "end": {
          "line": 54,
          "column": 71
        }
      },
      "32": {
        "start": {
          "line": 55,
          "column": 8
        },
        "end": {
          "line": 55,
          "column": 42
        }
      },
      "33": {
        "start": {
          "line": 58,
          "column": 6
        },
        "end": {
          "line": 67,
          "column": 7
        }
      },
      "34": {
        "start": {
          "line": 59,
          "column": 8
        },
        "end": {
          "line": 59,
          "column": 38
        }
      },
      "35": {
        "start": {
          "line": 60,
          "column": 27
        },
        "end": {
          "line": 60,
          "column": 38
        }
      },
      "36": {
        "start": {
          "line": 61,
          "column": 8
        },
        "end": {
          "line": 61,
          "column": 33
        }
      },
      "37": {
        "start": {
          "line": 62,
          "column": 25
        },
        "end": {
          "line": 64,
          "column": 9
        }
      },
      "38": {
        "start": {
          "line": 63,
          "column": 29
        },
        "end": {
          "line": 63,
          "column": 67
        }
      },
      "39": {
        "start": {
          "line": 65,
          "column": 8
        },
        "end": {
          "line": 65,
          "column": 34
        }
      },
      "40": {
        "start": {
          "line": 66,
          "column": 8
        },
        "end": {
          "line": 66,
          "column": 71
        }
      },
      "41": {
        "start": {
          "line": 71,
          "column": 22
        },
        "end": {
          "line": 97,
          "column": 3
        }
      },
      "42": {
        "start": {
          "line": 72,
          "column": 4
        },
        "end": {
          "line": 96,
          "column": 5
        }
      },
      "43": {
        "start": {
          "line": 73,
          "column": 25
        },
        "end": {
          "line": 73,
          "column": 32
        }
      },
      "44": {
        "start": {
          "line": 74,
          "column": 6
        },
        "end": {
          "line": 74,
          "column": 72
        }
      },
      "45": {
        "start": {
          "line": 75,
          "column": 6
        },
        "end": {
          "line": 75,
          "column": 26
        }
      },
      "46": {
        "start": {
          "line": 77,
          "column": 26
        },
        "end": {
          "line": 79,
          "column": 7
        }
      },
      "47": {
        "start": {
          "line": 78,
          "column": 25
        },
        "end": {
          "line": 78,
          "column": 58
        }
      },
      "48": {
        "start": {
          "line": 81,
          "column": 6
        },
        "end": {
          "line": 95,
          "column": 7
        }
      },
      "49": {
        "start": {
          "line": 82,
          "column": 27
        },
        "end": {
          "line": 82,
          "column": 34
        }
      },
      "50": {
        "start": {
          "line": 83,
          "column": 25
        },
        "end": {
          "line": 85,
          "column": 9
        }
      },
      "51": {
        "start": {
          "line": 84,
          "column": 29
        },
        "end": {
          "line": 84,
          "column": 67
        }
      },
      "52": {
        "start": {
          "line": 86,
          "column": 8
        },
        "end": {
          "line": 86,
          "column": 34
        }
      },
      "53": {
        "start": {
          "line": 87,
          "column": 8
        },
        "end": {
          "line": 87,
          "column": 68
        }
      },
      "54": {
        "start": {
          "line": 88,
          "column": 8
        },
        "end": {
          "line": 88,
          "column": 28
        }
      },
      "55": {
        "start": {
          "line": 90,
          "column": 25
        },
        "end": {
          "line": 92,
          "column": 9
        }
      },
      "56": {
        "start": {
          "line": 91,
          "column": 29
        },
        "end": {
          "line": 91,
          "column": 68
        }
      },
      "57": {
        "start": {
          "line": 93,
          "column": 8
        },
        "end": {
          "line": 93,
          "column": 68
        }
      },
      "58": {
        "start": {
          "line": 94,
          "column": 8
        },
        "end": {
          "line": 94,
          "column": 29
        }
      },
      "59": {
        "start": {
          "line": 99,
          "column": 2
        },
        "end": {
          "line": 140,
          "column": 4
        }
      },
      "60": {
        "start": {
          "line": 143,
          "column": 0
        },
        "end": {
          "line": 150,
          "column": 2
        }
      }
    },
    "fnMap": {
      "0": {
        "name": "CardProduct",
        "decl": {
          "start": {
            "line": 9,
            "column": 9
          },
          "end": {
            "line": 9,
            "column": 20
          }
        },
        "loc": {
          "start": {
            "line": 9,
            "column": 28
          },
          "end": {
            "line": 141,
            "column": 1
          }
        },
        "line": 9
      },
      "1": {
        "name": "(anonymous_1)",
        "decl": {
          "start": {
            "line": 13,
            "column": 28
          },
          "end": {
            "line": 13,
            "column": 29
          }
        },
        "loc": {
          "start": {
            "line": 13,
            "column": 34
          },
          "end": {
            "line": 13,
            "column": 85
          }
        },
        "line": 13
      },
      "2": {
        "name": "(anonymous_2)",
        "decl": {
          "start": {
            "line": 19,
            "column": 12
          },
          "end": {
            "line": 19,
            "column": 13
          }
        },
        "loc": {
          "start": {
            "line": 19,
            "column": 18
          },
          "end": {
            "line": 24,
            "column": 3
          }
        },
        "line": 19
      },
      "3": {
        "name": "(anonymous_3)",
        "decl": {
          "start": {
            "line": 21,
            "column": 40
          },
          "end": {
            "line": 21,
            "column": 41
          }
        },
        "loc": {
          "start": {
            "line": 21,
            "column": 54
          },
          "end": {
            "line": 21,
            "column": 80
          }
        },
        "line": 21
      },
      "4": {
        "name": "(anonymous_4)",
        "decl": {
          "start": {
            "line": 26,
            "column": 33
          },
          "end": {
            "line": 26,
            "column": 34
          }
        },
        "loc": {
          "start": {
            "line": 26,
            "column": 39
          },
          "end": {
            "line": 31,
            "column": 3
          }
        },
        "line": 26
      },
      "5": {
        "name": "(anonymous_5)",
        "decl": {
          "start": {
            "line": 33,
            "column": 20
          },
          "end": {
            "line": 33,
            "column": 21
          }
        },
        "loc": {
          "start": {
            "line": 33,
            "column": 26
          },
          "end": {
            "line": 69,
            "column": 3
          }
        },
        "line": 33
      },
      "6": {
        "name": "(anonymous_6)",
        "decl": {
          "start": {
            "line": 43,
            "column": 8
          },
          "end": {
            "line": 43,
            "column": 9
          }
        },
        "loc": {
          "start": {
            "line": 43,
            "column": 25
          },
          "end": {
            "line": 43,
            "column": 58
          }
        },
        "line": 43
      },
      "7": {
        "name": "(anonymous_7)",
        "decl": {
          "start": {
            "line": 51,
            "column": 10
          },
          "end": {
            "line": 51,
            "column": 11
          }
        },
        "loc": {
          "start": {
            "line": 51,
            "column": 29
          },
          "end": {
            "line": 51,
            "column": 67
          }
        },
        "line": 51
      },
      "8": {
        "name": "(anonymous_8)",
        "decl": {
          "start": {
            "line": 63,
            "column": 10
          },
          "end": {
            "line": 63,
            "column": 11
          }
        },
        "loc": {
          "start": {
            "line": 63,
            "column": 29
          },
          "end": {
            "line": 63,
            "column": 67
          }
        },
        "line": 63
      },
      "9": {
        "name": "(anonymous_9)",
        "decl": {
          "start": {
            "line": 71,
            "column": 22
          },
          "end": {
            "line": 71,
            "column": 23
          }
        },
        "loc": {
          "start": {
            "line": 71,
            "column": 28
          },
          "end": {
            "line": 97,
            "column": 3
          }
        },
        "line": 71
      },
      "10": {
        "name": "(anonymous_10)",
        "decl": {
          "start": {
            "line": 78,
            "column": 8
          },
          "end": {
            "line": 78,
            "column": 9
          }
        },
        "loc": {
          "start": {
            "line": 78,
            "column": 25
          },
          "end": {
            "line": 78,
            "column": 58
          }
        },
        "line": 78
      },
      "11": {
        "name": "(anonymous_11)",
        "decl": {
          "start": {
            "line": 84,
            "column": 10
          },
          "end": {
            "line": 84,
            "column": 11
          }
        },
        "loc": {
          "start": {
            "line": 84,
            "column": 29
          },
          "end": {
            "line": 84,
            "column": 67
          }
        },
        "line": 84
      },
      "12": {
        "name": "(anonymous_12)",
        "decl": {
          "start": {
            "line": 91,
            "column": 10
          },
          "end": {
            "line": 91,
            "column": 11
          }
        },
        "loc": {
          "start": {
            "line": 91,
            "column": 29
          },
          "end": {
            "line": 91,
            "column": 68
          }
        },
        "line": 91
      }
    },
    "branchMap": {
      "0": {
        "loc": {
          "start": {
            "line": 13,
            "column": 34
          },
          "end": {
            "line": 13,
            "column": 85
          }
        },
        "type": "binary-expr",
        "locations": [
          {
            "start": {
              "line": 13,
              "column": 34
            },
            "end": {
              "line": 13,
              "column": 79
            }
          },
          {
            "start": {
              "line": 13,
              "column": 83
            },
            "end": {
              "line": 13,
              "column": 85
            }
          }
        ],
        "line": 13
      },
      "1": {
        "loc": {
          "start": {
            "line": 20,
            "column": 4
          },
          "end": {
            "line": 23,
            "column": 5
          }
        },
        "type": "if",
        "locations": [
          {
            "start": {
              "line": 20,
              "column": 4
            },
            "end": {
              "line": 23,
              "column": 5
            }
          },
          {
            "start": {
              "line": 20,
              "column": 4
            },
            "end": {
              "line": 23,
              "column": 5
            }
          }
        ],
        "line": 20
      },
      "2": {
        "loc": {
          "start": {
            "line": 20,
            "column": 8
          },
          "end": {
            "line": 20,
            "column": 41
          }
        },
        "type": "binary-expr",
        "locations": [
          {
            "start": {
              "line": 20,
              "column": 8
            },
            "end": {
              "line": 20,
              "column": 17
            }
          },
          {
            "start": {
              "line": 20,
              "column": 21
            },
            "end": {
              "line": 20,
              "column": 41
            }
          }
        ],
        "line": 20
      },
      "3": {
        "loc": {
          "start": {
            "line": 35,
            "column": 4
          },
          "end": {
            "line": 68,
            "column": 5
          }
        },
        "type": "if",
        "locations": [
          {
            "start": {
              "line": 35,
              "column": 4
            },
            "end": {
              "line": 68,
              "column": 5
            }
          },
          {
            "start": {
              "line": 35,
              "column": 4
            },
            "end": {
              "line": 68,
              "column": 5
            }
          }
        ],
        "line": 35
      },
      "4": {
        "loc": {
          "start": {
            "line": 35,
            "column": 8
          },
          "end": {
            "line": 35,
            "column": 122
          }
        },
        "type": "binary-expr",
        "locations": [
          {
            "start": {
              "line": 35,
              "column": 8
            },
            "end": {
              "line": 35,
              "column": 57
            }
          },
          {
            "start": {
              "line": 35,
              "column": 61
            },
            "end": {
              "line": 35,
              "column": 122
            }
          }
        ],
        "line": 35
      },
      "5": {
        "loc": {
          "start": {
            "line": 46,
            "column": 6
          },
          "end": {
            "line": 56,
            "column": 7
          }
        },
        "type": "if",
        "locations": [
          {
            "start": {
              "line": 46,
              "column": 6
            },
            "end": {
              "line": 56,
              "column": 7
            }
          },
          {
            "start": {
              "line": 46,
              "column": 6
            },
            "end": {
              "line": 56,
              "column": 7
            }
          }
        ],
        "line": 46
      },
      "6": {
        "loc": {
          "start": {
            "line": 58,
            "column": 6
          },
          "end": {
            "line": 67,
            "column": 7
          }
        },
        "type": "if",
        "locations": [
          {
            "start": {
              "line": 58,
              "column": 6
            },
            "end": {
              "line": 67,
              "column": 7
            }
          },
          {
            "start": {
              "line": 58,
              "column": 6
            },
            "end": {
              "line": 67,
              "column": 7
            }
          }
        ],
        "line": 58
      },
      "7": {
        "loc": {
          "start": {
            "line": 72,
            "column": 4
          },
          "end": {
            "line": 96,
            "column": 5
          }
        },
        "type": "if",
        "locations": [
          {
            "start": {
              "line": 72,
              "column": 4
            },
            "end": {
              "line": 96,
              "column": 5
            }
          },
          {
            "start": {
              "line": 72,
              "column": 4
            },
            "end": {
              "line": 96,
              "column": 5
            }
          }
        ],
        "line": 72
      },
      "8": {
        "loc": {
          "start": {
            "line": 72,
            "column": 8
          },
          "end": {
            "line": 72,
            "column": 116
          }
        },
        "type": "binary-expr",
        "locations": [
          {
            "start": {
              "line": 72,
              "column": 8
            },
            "end": {
              "line": 72,
              "column": 54
            }
          },
          {
            "start": {
              "line": 72,
              "column": 58
            },
            "end": {
              "line": 72,
              "column": 116
            }
          }
        ],
        "line": 72
      },
      "9": {
        "loc": {
          "start": {
            "line": 81,
            "column": 6
          },
          "end": {
            "line": 95,
            "column": 7
          }
        },
        "type": "if",
        "locations": [
          {
            "start": {
              "line": 81,
              "column": 6
            },
            "end": {
              "line": 95,
              "column": 7
            }
          },
          {
            "start": {
              "line": 81,
              "column": 6
            },
            "end": {
              "line": 95,
              "column": 7
            }
          }
        ],
        "line": 81
      },
      "10": {
        "loc": {
          "start": {
            "line": 105,
            "column": 14
          },
          "end": {
            "line": 107,
            "column": 110
          }
        },
        "type": "cond-expr",
        "locations": [
          {
            "start": {
              "line": 106,
              "column": 16
            },
            "end": {
              "line": 106,
              "column": 88
            }
          },
          {
            "start": {
              "line": 107,
              "column": 16
            },
            "end": {
              "line": 107,
              "column": 110
            }
          }
        ],
        "line": 105
      }
    },
    "s": {
      "0": 1292,
      "1": 1292,
      "2": 1292,
      "3": 804,
      "4": 1292,
      "5": 1292,
      "6": 1292,
      "7": 804,
      "8": 4,
      "9": 4,
      "10": 4,
      "11": 1292,
      "12": 4,
      "13": 4,
      "14": 4,
      "15": 4,
      "16": 1292,
      "17": 3,
      "18": 3,
      "19": 3,
      "20": 3,
      "21": 3,
      "22": 0,
      "23": 0,
      "24": 0,
      "25": 0,
      "26": 0,
      "27": 0,
      "28": 0,
      "29": 0,
      "30": 0,
      "31": 0,
      "32": 0,
      "33": 0,
      "34": 0,
      "35": 0,
      "36": 0,
      "37": 0,
      "38": 0,
      "39": 0,
      "40": 0,
      "41": 1292,
      "42": 2,
      "43": 2,
      "44": 2,
      "45": 2,
      "46": 0,
      "47": 0,
      "48": 0,
      "49": 0,
      "50": 0,
      "51": 0,
      "52": 0,
      "53": 0,
      "54": 0,
      "55": 0,
      "56": 0,
      "57": 0,
      "58": 0,
      "59": 1292,
      "60": 10
    },
    "f": {
      "0": 1292,
      "1": 804,
      "2": 804,
      "3": 4,
      "4": 4,
      "5": 3,
      "6": 0,
      "7": 0,
      "8": 0,
      "9": 2,
      "10": 0,
      "11": 0,
      "12": 0
    },
    "b": {
      "0": [
        804,
        800
      ],
      "1": [
        4,
        800
      ],
      "2": [
        804,
        804
      ],
      "3": [
        3,
        0
      ],
      "4": [
        3,
        0
      ],
      "5": [
        0,
        0
      ],
      "6": [
        0,
        0
      ],
      "7": [
        2,
        0
      ],
      "8": [
        2,
        0
      ],
      "9": [
        0,
        0
      ],
      "10": [
        8,
        1284
      ]
    },
    "_coverageSchema": "1a1c01bbd47fc00a2c39e90264f33305004495a9",
    "hash": "e129ddc61426026c83217205d3b26be01be88785"
  },
  "/Users/ricardo/Downloads/hype-test-frontend/src/components/home/Loading.jsx": {
    "path": "/Users/ricardo/Downloads/hype-test-frontend/src/components/home/Loading.jsx",
    "statementMap": {
      "0": {
        "start": {
          "line": 5,
          "column": 2
        },
        "end": {
          "line": 11,
          "column": 4
        }
      }
    },
    "fnMap": {
      "0": {
        "name": "LoadingSpinner",
        "decl": {
          "start": {
            "line": 4,
            "column": 24
          },
          "end": {
            "line": 4,
            "column": 38
          }
        },
        "loc": {
          "start": {
            "line": 4,
            "column": 41
          },
          "end": {
            "line": 12,
            "column": 1
          }
        },
        "line": 4
      }
    },
    "branchMap": {},
    "s": {
      "0": 90
    },
    "f": {
      "0": 90
    },
    "b": {},
    "_coverageSchema": "1a1c01bbd47fc00a2c39e90264f33305004495a9",
    "hash": "4866b9bd3dbb47457bc01623dfe516b53e0c5cd9"
  },
  "/Users/ricardo/Downloads/hype-test-frontend/src/database/dataProducts.js": {
    "path": "/Users/ricardo/Downloads/hype-test-frontend/src/database/dataProducts.js",
    "statementMap": {
      "0": {
        "start": {
          "line": 3,
          "column": 21
        },
        "end": {
          "line": 9,
          "column": 11
        }
      },
      "1": {
        "start": {
          "line": 11,
          "column": 26
        },
        "end": {
          "line": 17,
          "column": 46
        }
      },
      "2": {
        "start": {
          "line": 19,
          "column": 23
        },
        "end": {
          "line": 27,
          "column": 1
        }
      },
      "3": {
        "start": {
          "line": 20,
          "column": 2
        },
        "end": {
          "line": 26,
          "column": 3
        }
      },
      "4": {
        "start": {
          "line": 21,
          "column": 4
        },
        "end": {
          "line": 22,
          "column": 56
        }
      },
      "5": {
        "start": {
          "line": 22,
          "column": 26
        },
        "end": {
          "line": 22,
          "column": 54
        }
      },
      "6": {
        "start": {
          "line": 25,
          "column": 4
        },
        "end": {
          "line": 25,
          "column": 22
        }
      },
      "7": {
        "start": {
          "line": 29,
          "column": 22
        },
        "end": {
          "line": 33,
          "column": 1
        }
      },
      "8": {
        "start": {
          "line": 30,
          "column": 15
        },
        "end": {
          "line": 30,
          "column": 78
        }
      },
      "9": {
        "start": {
          "line": 31,
          "column": 20
        },
        "end": {
          "line": 31,
          "column": 93
        }
      },
      "10": {
        "start": {
          "line": 32,
          "column": 2
        },
        "end": {
          "line": 32,
          "column": 35
        }
      },
      "11": {
        "start": {
          "line": 35,
          "column": 29
        },
        "end": {
          "line": 43,
          "column": 1
        }
      },
      "12": {
        "start": {
          "line": 36,
          "column": 2
        },
        "end": {
          "line": 42,
          "column": 3
        }
      },
      "13": {
        "start": {
          "line": 37,
          "column": 4
        },
        "end": {
          "line": 38,
          "column": 75
        }
      },
      "14": {
        "start": {
          "line": 38,
          "column": 26
        },
        "end": {
          "line": 38,
          "column": 74
        }
      },
      "15": {
        "start": {
          "line": 41,
          "column": 4
        },
        "end": {
          "line": 41,
          "column": 22
        }
      },
      "16": {
        "start": {
          "line": 45,
          "column": 23
        },
        "end": {
          "line": 49,
          "column": 1
        }
      },
      "17": {
        "start": {
          "line": 46,
          "column": 15
        },
        "end": {
          "line": 46,
          "column": 91
        }
      },
      "18": {
        "start": {
          "line": 48,
          "column": 2
        },
        "end": {
          "line": 48,
          "column": 14
        }
      },
      "19": {
        "start": {
          "line": 51,
          "column": 26
        },
        "end": {
          "line": 69,
          "column": 1
        }
      },
      "20": {
        "start": {
          "line": 52,
          "column": 19
        },
        "end": {
          "line": 52,
          "column": 21
        }
      },
      "21": {
        "start": {
          "line": 54,
          "column": 2
        },
        "end": {
          "line": 66,
          "column": 3
        }
      },
      "22": {
        "start": {
          "line": 54,
          "column": 15
        },
        "end": {
          "line": 54,
          "column": 16
        }
      },
      "23": {
        "start": {
          "line": 56,
          "column": 21
        },
        "end": {
          "line": 56,
          "column": 36
        }
      },
      "24": {
        "start": {
          "line": 57,
          "column": 24
        },
        "end": {
          "line": 57,
          "column": 52
        }
      },
      "25": {
        "start": {
          "line": 59,
          "column": 4
        },
        "end": {
          "line": 65,
          "column": 6
        }
      },
      "26": {
        "start": {
          "line": 68,
          "column": 2
        },
        "end": {
          "line": 68,
          "column": 18
        }
      }
    },
    "fnMap": {
      "0": {
        "name": "(anonymous_0)",
        "decl": {
          "start": {
            "line": 19,
            "column": 23
          },
          "end": {
            "line": 19,
            "column": 24
          }
        },
        "loc": {
          "start": {
            "line": 19,
            "column": 35
          },
          "end": {
            "line": 27,
            "column": 1
          }
        },
        "line": 19
      },
      "1": {
        "name": "(anonymous_1)",
        "decl": {
          "start": {
            "line": 22,
            "column": 12
          },
          "end": {
            "line": 22,
            "column": 13
          }
        },
        "loc": {
          "start": {
            "line": 22,
            "column": 26
          },
          "end": {
            "line": 22,
            "column": 54
          }
        },
        "line": 22
      },
      "2": {
        "name": "(anonymous_2)",
        "decl": {
          "start": {
            "line": 29,
            "column": 22
          },
          "end": {
            "line": 29,
            "column": 23
          }
        },
        "loc": {
          "start": {
            "line": 29,
            "column": 28
          },
          "end": {
            "line": 33,
            "column": 1
          }
        },
        "line": 29
      },
      "3": {
        "name": "(anonymous_3)",
        "decl": {
          "start": {
            "line": 35,
            "column": 29
          },
          "end": {
            "line": 35,
            "column": 30
          }
        },
        "loc": {
          "start": {
            "line": 35,
            "column": 41
          },
          "end": {
            "line": 43,
            "column": 1
          }
        },
        "line": 35
      },
      "4": {
        "name": "(anonymous_4)",
        "decl": {
          "start": {
            "line": 38,
            "column": 12
          },
          "end": {
            "line": 38,
            "column": 13
          }
        },
        "loc": {
          "start": {
            "line": 38,
            "column": 26
          },
          "end": {
            "line": 38,
            "column": 74
          }
        },
        "line": 38
      },
      "5": {
        "name": "(anonymous_5)",
        "decl": {
          "start": {
            "line": 45,
            "column": 23
          },
          "end": {
            "line": 45,
            "column": 24
          }
        },
        "loc": {
          "start": {
            "line": 45,
            "column": 51
          },
          "end": {
            "line": 49,
            "column": 1
          }
        },
        "line": 45
      },
      "6": {
        "name": "(anonymous_6)",
        "decl": {
          "start": {
            "line": 51,
            "column": 26
          },
          "end": {
            "line": 51,
            "column": 27
          }
        },
        "loc": {
          "start": {
            "line": 51,
            "column": 46
          },
          "end": {
            "line": 69,
            "column": 1
          }
        },
        "line": 51
      }
    },
    "branchMap": {},
    "s": {
      "0": 10,
      "1": 10,
      "2": 10,
      "3": 276,
      "4": 276,
      "5": 256,
      "6": 0,
      "7": 10,
      "8": 293,
      "9": 293,
      "10": 293,
      "11": 10,
      "12": 293,
      "13": 293,
      "14": 276,
      "15": 0,
      "16": 10,
      "17": 256,
      "18": 256,
      "19": 10,
      "20": 44,
      "21": 44,
      "22": 44,
      "23": 293,
      "24": 293,
      "25": 276,
      "26": 7
    },
    "f": {
      "0": 276,
      "1": 256,
      "2": 293,
      "3": 293,
      "4": 276,
      "5": 256,
      "6": 44
    },
    "b": {},
    "_coverageSchema": "1a1c01bbd47fc00a2c39e90264f33305004495a9",
    "hash": "d14933c5a00479764d50a4b0e3db97a0b6419910"
  },
  "/Users/ricardo/Downloads/hype-test-frontend/src/components/cards/CardsHome.jsx": {
    "path": "/Users/ricardo/Downloads/hype-test-frontend/src/components/cards/CardsHome.jsx",
    "statementMap": {
      "0": {
        "start": {
          "line": 9,
          "column": 53
        },
        "end": {
          "line": 9,
          "column": 72
        }
      },
      "1": {
        "start": {
          "line": 11,
          "column": 34
        },
        "end": {
          "line": 11,
          "column": 49
        }
      },
      "2": {
        "start": {
          "line": 14,
          "column": 22
        },
        "end": {
          "line": 19,
          "column": 3
        }
      },
      "3": {
        "start": {
          "line": 15,
          "column": 26
        },
        "end": {
          "line": 15,
          "column": 53
        }
      },
      "4": {
        "start": {
          "line": 16,
          "column": 4
        },
        "end": {
          "line": 16,
          "column": 31
        }
      },
      "5": {
        "start": {
          "line": 17,
          "column": 4
        },
        "end": {
          "line": 17,
          "column": 68
        }
      },
      "6": {
        "start": {
          "line": 18,
          "column": 4
        },
        "end": {
          "line": 18,
          "column": 22
        }
      },
      "7": {
        "start": {
          "line": 21,
          "column": 2
        },
        "end": {
          "line": 30,
          "column": 9
        }
      },
      "8": {
        "start": {
          "line": 22,
          "column": 4
        },
        "end": {
          "line": 22,
          "column": 21
        }
      },
      "9": {
        "start": {
          "line": 23,
          "column": 4
        },
        "end": {
          "line": 28,
          "column": 5
        }
      },
      "10": {
        "start": {
          "line": 24,
          "column": 6
        },
        "end": {
          "line": 24,
          "column": 20
        }
      },
      "11": {
        "start": {
          "line": 26,
          "column": 6
        },
        "end": {
          "line": 26,
          "column": 64
        }
      },
      "12": {
        "start": {
          "line": 27,
          "column": 6
        },
        "end": {
          "line": 27,
          "column": 24
        }
      },
      "13": {
        "start": {
          "line": 32,
          "column": 2
        },
        "end": {
          "line": 43,
          "column": 4
        }
      },
      "14": {
        "start": {
          "line": 39,
          "column": 14
        },
        "end": {
          "line": 39,
          "column": 64
        }
      }
    },
    "fnMap": {
      "0": {
        "name": "CardsHome",
        "decl": {
          "start": {
            "line": 8,
            "column": 9
          },
          "end": {
            "line": 8,
            "column": 18
          }
        },
        "loc": {
          "start": {
            "line": 8,
            "column": 21
          },
          "end": {
            "line": 44,
            "column": 1
          }
        },
        "line": 8
      },
      "1": {
        "name": "(anonymous_1)",
        "decl": {
          "start": {
            "line": 14,
            "column": 22
          },
          "end": {
            "line": 14,
            "column": 23
          }
        },
        "loc": {
          "start": {
            "line": 14,
            "column": 34
          },
          "end": {
            "line": 19,
            "column": 3
          }
        },
        "line": 14
      },
      "2": {
        "name": "(anonymous_2)",
        "decl": {
          "start": {
            "line": 21,
            "column": 12
          },
          "end": {
            "line": 21,
            "column": 13
          }
        },
        "loc": {
          "start": {
            "line": 21,
            "column": 18
          },
          "end": {
            "line": 30,
            "column": 3
          }
        },
        "line": 21
      },
      "3": {
        "name": "(anonymous_3)",
        "decl": {
          "start": {
            "line": 38,
            "column": 25
          },
          "end": {
            "line": 38,
            "column": 26
          }
        },
        "loc": {
          "start": {
            "line": 39,
            "column": 14
          },
          "end": {
            "line": 39,
            "column": 64
          }
        },
        "line": 39
      }
    },
    "branchMap": {
      "0": {
        "loc": {
          "start": {
            "line": 23,
            "column": 4
          },
          "end": {
            "line": 28,
            "column": 5
          }
        },
        "type": "if",
        "locations": [
          {
            "start": {
              "line": 23,
              "column": 4
            },
            "end": {
              "line": 28,
              "column": 5
            }
          },
          {
            "start": {
              "line": 23,
              "column": 4
            },
            "end": {
              "line": 28,
              "column": 5
            }
          }
        ],
        "line": 23
      },
      "1": {
        "loc": {
          "start": {
            "line": 34,
            "column": 7
          },
          "end": {
            "line": 34,
            "column": 35
          }
        },
        "type": "cond-expr",
        "locations": [
          {
            "start": {
              "line": 34,
              "column": 17
            },
            "end": {
              "line": 34,
              "column": 28
            }
          },
          {
            "start": {
              "line": 34,
              "column": 31
            },
            "end": {
              "line": 34,
              "column": 35
            }
          }
        ],
        "line": 34
      },
      "2": {
        "loc": {
          "start": {
            "line": 37,
            "column": 11
          },
          "end": {
            "line": 39,
            "column": 70
          }
        },
        "type": "cond-expr",
        "locations": [
          {
            "start": {
              "line": 38,
              "column": 12
            },
            "end": {
              "line": 39,
              "column": 65
            }
          },
          {
            "start": {
              "line": 39,
              "column": 66
            },
            "end": {
              "line": 39,
              "column": 70
            }
          }
        ],
        "line": 37
      }
    },
    "s": {
      "0": 160,
      "1": 160,
      "2": 160,
      "3": 44,
      "4": 7,
      "5": 7,
      "6": 7,
      "7": 160,
      "8": 44,
      "9": 44,
      "10": 44,
      "11": 0,
      "12": 0,
      "13": 160,
      "14": 1088
    },
    "f": {
      "0": 160,
      "1": 44,
      "2": 44,
      "3": 1088
    },
    "b": {
      "0": [
        44,
        0
      ],
      "1": [
        90,
        70
      ],
      "2": [
        144,
        16
      ]
    },
    "_coverageSchema": "1a1c01bbd47fc00a2c39e90264f33305004495a9",
    "hash": "4f73da2c96f750eafc303733b3dc1cfb003552ce"
  },
  "/Users/ricardo/Downloads/hype-test-frontend/src/components/footer/Footer.jsx": {
    "path": "/Users/ricardo/Downloads/hype-test-frontend/src/components/footer/Footer.jsx",
    "statementMap": {
      "0": {
        "start": {
          "line": 7,
          "column": 2
        },
        "end": {
          "line": 43,
          "column": 4
        }
      }
    },
    "fnMap": {
      "0": {
        "name": "Footer",
        "decl": {
          "start": {
            "line": 6,
            "column": 9
          },
          "end": {
            "line": 6,
            "column": 15
          }
        },
        "loc": {
          "start": {
            "line": 6,
            "column": 18
          },
          "end": {
            "line": 44,
            "column": 1
          }
        },
        "line": 6
      }
    },
    "branchMap": {},
    "s": {
      "0": 74
    },
    "f": {
      "0": 74
    },
    "b": {},
    "_coverageSchema": "1a1c01bbd47fc00a2c39e90264f33305004495a9",
    "hash": "d11cd669f5b0cfb9996a728f84d58af7e09a046d"
  },
  "/Users/ricardo/Downloads/hype-test-frontend/src/components/header/HeaderSearchBar.jsx": {
    "path": "/Users/ricardo/Downloads/hype-test-frontend/src/components/header/HeaderSearchBar.jsx",
    "statementMap": {
      "0": {
        "start": {
          "line": 6,
          "column": 38
        },
        "end": {
          "line": 6,
          "column": 50
        }
      },
      "1": {
        "start": {
          "line": 8,
          "column": 42
        },
        "end": {
          "line": 8,
          "column": 57
        }
      },
      "2": {
        "start": {
          "line": 9,
          "column": 48
        },
        "end": {
          "line": 9,
          "column": 63
        }
      },
      "3": {
        "start": {
          "line": 11,
          "column": 82
        },
        "end": {
          "line": 11,
          "column": 101
        }
      },
      "4": {
        "start": {
          "line": 13,
          "column": 26
        },
        "end": {
          "line": 33,
          "column": 3
        }
      },
      "5": {
        "start": {
          "line": 14,
          "column": 4
        },
        "end": {
          "line": 14,
          "column": 24
        }
      },
      "6": {
        "start": {
          "line": 15,
          "column": 4
        },
        "end": {
          "line": 15,
          "column": 57
        }
      },
      "7": {
        "start": {
          "line": 17,
          "column": 29
        },
        "end": {
          "line": 20,
          "column": 5
        }
      },
      "8": {
        "start": {
          "line": 18,
          "column": 6
        },
        "end": {
          "line": 19,
          "column": 18
        }
      },
      "9": {
        "start": {
          "line": 22,
          "column": 4
        },
        "end": {
          "line": 32,
          "column": 5
        }
      },
      "10": {
        "start": {
          "line": 23,
          "column": 6
        },
        "end": {
          "line": 25,
          "column": 15
        }
      },
      "11": {
        "start": {
          "line": 24,
          "column": 8
        },
        "end": {
          "line": 24,
          "column": 30
        }
      },
      "12": {
        "start": {
          "line": 26,
          "column": 6
        },
        "end": {
          "line": 26,
          "column": 27
        }
      },
      "13": {
        "start": {
          "line": 27,
          "column": 6
        },
        "end": {
          "line": 27,
          "column": 34
        }
      },
      "14": {
        "start": {
          "line": 30,
          "column": 6
        },
        "end": {
          "line": 30,
          "column": 28
        }
      },
      "15": {
        "start": {
          "line": 31,
          "column": 6
        },
        "end": {
          "line": 31,
          "column": 43
        }
      },
      "16": {
        "start": {
          "line": 35,
          "column": 26
        },
        "end": {
          "line": 58,
          "column": 3
        }
      },
      "17": {
        "start": {
          "line": 36,
          "column": 22
        },
        "end": {
          "line": 36,
          "column": 67
        }
      },
      "18": {
        "start": {
          "line": 37,
          "column": 4
        },
        "end": {
          "line": 37,
          "column": 43
        }
      },
      "19": {
        "start": {
          "line": 39,
          "column": 4
        },
        "end": {
          "line": 57,
          "column": 5
        }
      },
      "20": {
        "start": {
          "line": 40,
          "column": 6
        },
        "end": {
          "line": 53,
          "column": 7
        }
      },
      "21": {
        "start": {
          "line": 41,
          "column": 8
        },
        "end": {
          "line": 41,
          "column": 61
        }
      },
      "22": {
        "start": {
          "line": 43,
          "column": 8
        },
        "end": {
          "line": 45,
          "column": 17
        }
      },
      "23": {
        "start": {
          "line": 44,
          "column": 10
        },
        "end": {
          "line": 44,
          "column": 35
        }
      },
      "24": {
        "start": {
          "line": 47,
          "column": 8
        },
        "end": {
          "line": 47,
          "column": 32
        }
      },
      "25": {
        "start": {
          "line": 48,
          "column": 8
        },
        "end": {
          "line": 48,
          "column": 37
        }
      },
      "26": {
        "start": {
          "line": 51,
          "column": 8
        },
        "end": {
          "line": 51,
          "column": 33
        }
      },
      "27": {
        "start": {
          "line": 52,
          "column": 8
        },
        "end": {
          "line": 52,
          "column": 38
        }
      },
      "28": {
        "start": {
          "line": 56,
          "column": 6
        },
        "end": {
          "line": 56,
          "column": 35
        }
      },
      "29": {
        "start": {
          "line": 60,
          "column": 2
        },
        "end": {
          "line": 87,
          "column": 4
        }
      },
      "30": {
        "start": {
          "line": 71,
          "column": 27
        },
        "end": {
          "line": 71,
          "column": 43
        }
      }
    },
    "fnMap": {
      "0": {
        "name": "SearchBar",
        "decl": {
          "start": {
            "line": 5,
            "column": 9
          },
          "end": {
            "line": 5,
            "column": 18
          }
        },
        "loc": {
          "start": {
            "line": 5,
            "column": 21
          },
          "end": {
            "line": 88,
            "column": 1
          }
        },
        "line": 5
      },
      "1": {
        "name": "(anonymous_1)",
        "decl": {
          "start": {
            "line": 13,
            "column": 26
          },
          "end": {
            "line": 13,
            "column": 27
          }
        },
        "loc": {
          "start": {
            "line": 13,
            "column": 53
          },
          "end": {
            "line": 33,
            "column": 3
          }
        },
        "line": 13
      },
      "2": {
        "name": "(anonymous_2)",
        "decl": {
          "start": {
            "line": 17,
            "column": 45
          },
          "end": {
            "line": 17,
            "column": 46
          }
        },
        "loc": {
          "start": {
            "line": 18,
            "column": 6
          },
          "end": {
            "line": 19,
            "column": 18
          }
        },
        "line": 18
      },
      "3": {
        "name": "(anonymous_3)",
        "decl": {
          "start": {
            "line": 23,
            "column": 17
          },
          "end": {
            "line": 23,
            "column": 18
          }
        },
        "loc": {
          "start": {
            "line": 23,
            "column": 23
          },
          "end": {
            "line": 25,
            "column": 7
          }
        },
        "line": 23
      },
      "4": {
        "name": "(anonymous_4)",
        "decl": {
          "start": {
            "line": 35,
            "column": 26
          },
          "end": {
            "line": 35,
            "column": 27
          }
        },
        "loc": {
          "start": {
            "line": 35,
            "column": 32
          },
          "end": {
            "line": 58,
            "column": 3
          }
        },
        "line": 35
      },
      "5": {
        "name": "(anonymous_5)",
        "decl": {
          "start": {
            "line": 43,
            "column": 19
          },
          "end": {
            "line": 43,
            "column": 20
          }
        },
        "loc": {
          "start": {
            "line": 43,
            "column": 25
          },
          "end": {
            "line": 45,
            "column": 9
          }
        },
        "line": 43
      },
      "6": {
        "name": "(anonymous_6)",
        "decl": {
          "start": {
            "line": 71,
            "column": 21
          },
          "end": {
            "line": 71,
            "column": 22
          }
        },
        "loc": {
          "start": {
            "line": 71,
            "column": 27
          },
          "end": {
            "line": 71,
            "column": 43
          }
        },
        "line": 71
      }
    },
    "branchMap": {
      "0": {
        "loc": {
          "start": {
            "line": 18,
            "column": 6
          },
          "end": {
            "line": 19,
            "column": 18
          }
        },
        "type": "binary-expr",
        "locations": [
          {
            "start": {
              "line": 18,
              "column": 6
            },
            "end": {
              "line": 18,
              "column": 62
            }
          },
          {
            "start": {
              "line": 19,
              "column": 6
            },
            "end": {
              "line": 19,
              "column": 18
            }
          }
        ],
        "line": 18
      },
      "1": {
        "loc": {
          "start": {
            "line": 22,
            "column": 4
          },
          "end": {
            "line": 32,
            "column": 5
          }
        },
        "type": "if",
        "locations": [
          {
            "start": {
              "line": 22,
              "column": 4
            },
            "end": {
              "line": 32,
              "column": 5
            }
          },
          {
            "start": {
              "line": 22,
              "column": 4
            },
            "end": {
              "line": 32,
              "column": 5
            }
          }
        ],
        "line": 22
      },
      "2": {
        "loc": {
          "start": {
            "line": 22,
            "column": 8
          },
          "end": {
            "line": 22,
            "column": 80
          }
        },
        "type": "binary-expr",
        "locations": [
          {
            "start": {
              "line": 22,
              "column": 9
            },
            "end": {
              "line": 22,
              "column": 26
            }
          },
          {
            "start": {
              "line": 22,
              "column": 30
            },
            "end": {
              "line": 22,
              "column": 59
            }
          },
          {
            "start": {
              "line": 22,
              "column": 64
            },
            "end": {
              "line": 22,
              "column": 80
            }
          }
        ],
        "line": 22
      },
      "3": {
        "loc": {
          "start": {
            "line": 39,
            "column": 4
          },
          "end": {
            "line": 57,
            "column": 5
          }
        },
        "type": "if",
        "locations": [
          {
            "start": {
              "line": 39,
              "column": 4
            },
            "end": {
              "line": 57,
              "column": 5
            }
          },
          {
            "start": {
              "line": 39,
              "column": 4
            },
            "end": {
              "line": 57,
              "column": 5
            }
          }
        ],
        "line": 39
      },
      "4": {
        "loc": {
          "start": {
            "line": 40,
            "column": 6
          },
          "end": {
            "line": 53,
            "column": 7
          }
        },
        "type": "if",
        "locations": [
          {
            "start": {
              "line": 40,
              "column": 6
            },
            "end": {
              "line": 53,
              "column": 7
            }
          },
          {
            "start": {
              "line": 40,
              "column": 6
            },
            "end": {
              "line": 53,
              "column": 7
            }
          }
        ],
        "line": 40
      },
      "5": {
        "loc": {
          "start": {
            "line": 40,
            "column": 10
          },
          "end": {
            "line": 40,
            "column": 46
          }
        },
        "type": "binary-expr",
        "locations": [
          {
            "start": {
              "line": 40,
              "column": 10
            },
            "end": {
              "line": 40,
              "column": 20
            }
          },
          {
            "start": {
              "line": 40,
              "column": 24
            },
            "end": {
              "line": 40,
              "column": 46
            }
          }
        ],
        "line": 40
      },
      "6": {
        "loc": {
          "start": {
            "line": 77,
            "column": 11
          },
          "end": {
            "line": 77,
            "column": 98
          }
        },
        "type": "cond-expr",
        "locations": [
          {
            "start": {
              "line": 77,
              "column": 28
            },
            "end": {
              "line": 77,
              "column": 91
            }
          },
          {
            "start": {
              "line": 77,
              "column": 94
            },
            "end": {
              "line": 77,
              "column": 98
            }
          }
        ],
        "line": 77
      },
      "7": {
        "loc": {
          "start": {
            "line": 78,
            "column": 11
          },
          "end": {
            "line": 78,
            "column": 119
          }
        },
        "type": "cond-expr",
        "locations": [
          {
            "start": {
              "line": 78,
              "column": 25
            },
            "end": {
              "line": 78,
              "column": 112
            }
          },
          {
            "start": {
              "line": 78,
              "column": 115
            },
            "end": {
              "line": 78,
              "column": 119
            }
          }
        ],
        "line": 78
      }
    },
    "s": {
      "0": 336,
      "1": 336,
      "2": 336,
      "3": 336,
      "4": 336,
      "5": 120,
      "6": 120,
      "7": 120,
      "8": 768,
      "9": 120,
      "10": 111,
      "11": 49,
      "12": 111,
      "13": 111,
      "14": 9,
      "15": 9,
      "16": 336,
      "17": 2,
      "18": 2,
      "19": 2,
      "20": 2,
      "21": 0,
      "22": 0,
      "23": 0,
      "24": 0,
      "25": 0,
      "26": 2,
      "27": 2,
      "28": 0,
      "29": 336,
      "30": 9
    },
    "f": {
      "0": 336,
      "1": 120,
      "2": 768,
      "3": 49,
      "4": 2,
      "5": 0,
      "6": 9
    },
    "b": {
      "0": [
        768,
        0
      ],
      "1": [
        111,
        9
      ],
      "2": [
        120,
        120,
        120
      ],
      "3": [
        2,
        0
      ],
      "4": [
        0,
        2
      ],
      "5": [
        2,
        2
      ],
      "6": [
        0,
        336
      ],
      "7": [
        222,
        114
      ]
    },
    "_coverageSchema": "1a1c01bbd47fc00a2c39e90264f33305004495a9",
    "hash": "33d9ade6bdf9b5d489d2a9cd5561cc150fb8d78d"
  },
  "/Users/ricardo/Downloads/hype-test-frontend/src/components/header/HeaderHome.jsx": {
    "path": "/Users/ricardo/Downloads/hype-test-frontend/src/components/header/HeaderHome.jsx",
    "statementMap": {
      "0": {
        "start": {
          "line": 10,
          "column": 19
        },
        "end": {
          "line": 10,
          "column": 32
        }
      },
      "1": {
        "start": {
          "line": 11,
          "column": 81
        },
        "end": {
          "line": 11,
          "column": 100
        }
      },
      "2": {
        "start": {
          "line": 12,
          "column": 25
        },
        "end": {
          "line": 12,
          "column": 88
        }
      },
      "3": {
        "start": {
          "line": 12,
          "column": 39
        },
        "end": {
          "line": 12,
          "column": 87
        }
      },
      "4": {
        "start": {
          "line": 14,
          "column": 2
        },
        "end": {
          "line": 18,
          "column": 44
        }
      },
      "5": {
        "start": {
          "line": 15,
          "column": 4
        },
        "end": {
          "line": 17,
          "column": 5
        }
      },
      "6": {
        "start": {
          "line": 16,
          "column": 6
        },
        "end": {
          "line": 16,
          "column": 47
        }
      },
      "7": {
        "start": {
          "line": 20,
          "column": 22
        },
        "end": {
          "line": 23,
          "column": 3
        }
      },
      "8": {
        "start": {
          "line": 21,
          "column": 4
        },
        "end": {
          "line": 21,
          "column": 27
        }
      },
      "9": {
        "start": {
          "line": 22,
          "column": 4
        },
        "end": {
          "line": 22,
          "column": 19
        }
      },
      "10": {
        "start": {
          "line": 25,
          "column": 2
        },
        "end": {
          "line": 51,
          "column": 4
        }
      },
      "11": {
        "start": {
          "line": 28,
          "column": 29
        },
        "end": {
          "line": 28,
          "column": 45
        }
      },
      "12": {
        "start": {
          "line": 34,
          "column": 29
        },
        "end": {
          "line": 34,
          "column": 49
        }
      },
      "13": {
        "start": {
          "line": 46,
          "column": 12
        },
        "end": {
          "line": 46,
          "column": 66
        }
      }
    },
    "fnMap": {
      "0": {
        "name": "HeaderHome",
        "decl": {
          "start": {
            "line": 9,
            "column": 9
          },
          "end": {
            "line": 9,
            "column": 19
          }
        },
        "loc": {
          "start": {
            "line": 9,
            "column": 22
          },
          "end": {
            "line": 52,
            "column": 1
          }
        },
        "line": 9
      },
      "1": {
        "name": "(anonymous_1)",
        "decl": {
          "start": {
            "line": 12,
            "column": 33
          },
          "end": {
            "line": 12,
            "column": 34
          }
        },
        "loc": {
          "start": {
            "line": 12,
            "column": 39
          },
          "end": {
            "line": 12,
            "column": 87
          }
        },
        "line": 12
      },
      "2": {
        "name": "(anonymous_2)",
        "decl": {
          "start": {
            "line": 14,
            "column": 12
          },
          "end": {
            "line": 14,
            "column": 13
          }
        },
        "loc": {
          "start": {
            "line": 14,
            "column": 18
          },
          "end": {
            "line": 18,
            "column": 3
          }
        },
        "line": 14
      },
      "3": {
        "name": "(anonymous_3)",
        "decl": {
          "start": {
            "line": 20,
            "column": 22
          },
          "end": {
            "line": 20,
            "column": 23
          }
        },
        "loc": {
          "start": {
            "line": 20,
            "column": 32
          },
          "end": {
            "line": 23,
            "column": 3
          }
        },
        "line": 20
      },
      "4": {
        "name": "(anonymous_4)",
        "decl": {
          "start": {
            "line": 28,
            "column": 25
          },
          "end": {
            "line": 28,
            "column": 26
          }
        },
        "loc": {
          "start": {
            "line": 28,
            "column": 29
          },
          "end": {
            "line": 28,
            "column": 45
          }
        },
        "line": 28
      },
      "5": {
        "name": "(anonymous_5)",
        "decl": {
          "start": {
            "line": 34,
            "column": 25
          },
          "end": {
            "line": 34,
            "column": 26
          }
        },
        "loc": {
          "start": {
            "line": 34,
            "column": 29
          },
          "end": {
            "line": 34,
            "column": 49
          }
        },
        "line": 34
      },
      "6": {
        "name": "(anonymous_6)",
        "decl": {
          "start": {
            "line": 45,
            "column": 31
          },
          "end": {
            "line": 45,
            "column": 32
          }
        },
        "loc": {
          "start": {
            "line": 46,
            "column": 12
          },
          "end": {
            "line": 46,
            "column": 66
          }
        },
        "line": 46
      }
    },
    "branchMap": {
      "0": {
        "loc": {
          "start": {
            "line": 15,
            "column": 4
          },
          "end": {
            "line": 17,
            "column": 5
          }
        },
        "type": "if",
        "locations": [
          {
            "start": {
              "line": 15,
              "column": 4
            },
            "end": {
              "line": 17,
              "column": 5
            }
          },
          {
            "start": {
              "line": 15,
              "column": 4
            },
            "end": {
              "line": 17,
              "column": 5
            }
          }
        ],
        "line": 15
      },
      "1": {
        "loc": {
          "start": {
            "line": 36,
            "column": 13
          },
          "end": {
            "line": 38,
            "column": 25
          }
        },
        "type": "cond-expr",
        "locations": [
          {
            "start": {
              "line": 36,
              "column": 65
            },
            "end": {
              "line": 38,
              "column": 18
            }
          },
          {
            "start": {
              "line": 38,
              "column": 21
            },
            "end": {
              "line": 38,
              "column": 25
            }
          }
        ],
        "line": 36
      },
      "2": {
        "loc": {
          "start": {
            "line": 36,
            "column": 13
          },
          "end": {
            "line": 36,
            "column": 62
          }
        },
        "type": "binary-expr",
        "locations": [
          {
            "start": {
              "line": 36,
              "column": 13
            },
            "end": {
              "line": 36,
              "column": 29
            }
          },
          {
            "start": {
              "line": 36,
              "column": 33
            },
            "end": {
              "line": 36,
              "column": 62
            }
          }
        ],
        "line": 36
      },
      "3": {
        "loc": {
          "start": {
            "line": 43,
            "column": 7
          },
          "end": {
            "line": 49,
            "column": 14
          }
        },
        "type": "cond-expr",
        "locations": [
          {
            "start": {
              "line": 44,
              "column": 8
            },
            "end": {
              "line": 48,
              "column": 14
            }
          },
          {
            "start": {
              "line": 49,
              "column": 10
            },
            "end": {
              "line": 49,
              "column": 14
            }
          }
        ],
        "line": 43
      }
    },
    "s": {
      "0": 116,
      "1": 116,
      "2": 116,
      "3": 116,
      "4": 116,
      "5": 49,
      "6": 9,
      "7": 116,
      "8": 8,
      "9": 8,
      "10": 116,
      "11": 0,
      "12": 8,
      "13": 196
    },
    "f": {
      "0": 116,
      "1": 116,
      "2": 49,
      "3": 8,
      "4": 0,
      "5": 8,
      "6": 196
    },
    "b": {
      "0": [
        9,
        40
      ],
      "1": [
        12,
        104
      ],
      "2": [
        116,
        12
      ],
      "3": [
        16,
        100
      ]
    },
    "_coverageSchema": "1a1c01bbd47fc00a2c39e90264f33305004495a9",
    "hash": "a2eb8c710610a69a734a371683e66c665f4587a3"
  },
  "/Users/ricardo/Downloads/hype-test-frontend/src/components/header/HeaderGeneric.jsx": {
    "path": "/Users/ricardo/Downloads/hype-test-frontend/src/components/header/HeaderGeneric.jsx",
    "statementMap": {
      "0": {
        "start": {
          "line": 9,
          "column": 19
        },
        "end": {
          "line": 9,
          "column": 32
        }
      },
      "1": {
        "start": {
          "line": 10,
          "column": 81
        },
        "end": {
          "line": 10,
          "column": 100
        }
      },
      "2": {
        "start": {
          "line": 12,
          "column": 25
        },
        "end": {
          "line": 12,
          "column": 86
        }
      },
      "3": {
        "start": {
          "line": 12,
          "column": 37
        },
        "end": {
          "line": 12,
          "column": 85
        }
      },
      "4": {
        "start": {
          "line": 13,
          "column": 22
        },
        "end": {
          "line": 13,
          "column": 62
        }
      },
      "5": {
        "start": {
          "line": 15,
          "column": 2
        },
        "end": {
          "line": 19,
          "column": 44
        }
      },
      "6": {
        "start": {
          "line": 16,
          "column": 4
        },
        "end": {
          "line": 18,
          "column": 5
        }
      },
      "7": {
        "start": {
          "line": 17,
          "column": 6
        },
        "end": {
          "line": 17,
          "column": 47
        }
      },
      "8": {
        "start": {
          "line": 21,
          "column": 22
        },
        "end": {
          "line": 24,
          "column": 3
        }
      },
      "9": {
        "start": {
          "line": 22,
          "column": 4
        },
        "end": {
          "line": 22,
          "column": 27
        }
      },
      "10": {
        "start": {
          "line": 23,
          "column": 4
        },
        "end": {
          "line": 23,
          "column": 22
        }
      },
      "11": {
        "start": {
          "line": 26,
          "column": 2
        },
        "end": {
          "line": 50,
          "column": 4
        }
      },
      "12": {
        "start": {
          "line": 29,
          "column": 31
        },
        "end": {
          "line": 29,
          "column": 43
        }
      },
      "13": {
        "start": {
          "line": 45,
          "column": 12
        },
        "end": {
          "line": 45,
          "column": 66
        }
      }
    },
    "fnMap": {
      "0": {
        "name": "Header",
        "decl": {
          "start": {
            "line": 8,
            "column": 9
          },
          "end": {
            "line": 8,
            "column": 15
          }
        },
        "loc": {
          "start": {
            "line": 8,
            "column": 18
          },
          "end": {
            "line": 51,
            "column": 1
          }
        },
        "line": 8
      },
      "1": {
        "name": "(anonymous_1)",
        "decl": {
          "start": {
            "line": 12,
            "column": 33
          },
          "end": {
            "line": 12,
            "column": 34
          }
        },
        "loc": {
          "start": {
            "line": 12,
            "column": 37
          },
          "end": {
            "line": 12,
            "column": 85
          }
        },
        "line": 12
      },
      "2": {
        "name": "(anonymous_2)",
        "decl": {
          "start": {
            "line": 15,
            "column": 12
          },
          "end": {
            "line": 15,
            "column": 13
          }
        },
        "loc": {
          "start": {
            "line": 15,
            "column": 18
          },
          "end": {
            "line": 19,
            "column": 3
          }
        },
        "line": 15
      },
      "3": {
        "name": "(anonymous_3)",
        "decl": {
          "start": {
            "line": 21,
            "column": 22
          },
          "end": {
            "line": 21,
            "column": 23
          }
        },
        "loc": {
          "start": {
            "line": 21,
            "column": 28
          },
          "end": {
            "line": 24,
            "column": 3
          }
        },
        "line": 21
      },
      "4": {
        "name": "(anonymous_4)",
        "decl": {
          "start": {
            "line": 29,
            "column": 25
          },
          "end": {
            "line": 29,
            "column": 26
          }
        },
        "loc": {
          "start": {
            "line": 29,
            "column": 31
          },
          "end": {
            "line": 29,
            "column": 43
          }
        },
        "line": 29
      },
      "5": {
        "name": "(anonymous_5)",
        "decl": {
          "start": {
            "line": 44,
            "column": 31
          },
          "end": {
            "line": 44,
            "column": 32
          }
        },
        "loc": {
          "start": {
            "line": 45,
            "column": 12
          },
          "end": {
            "line": 45,
            "column": 66
          }
        },
        "line": 45
      }
    },
    "branchMap": {
      "0": {
        "loc": {
          "start": {
            "line": 16,
            "column": 4
          },
          "end": {
            "line": 18,
            "column": 5
          }
        },
        "type": "if",
        "locations": [
          {
            "start": {
              "line": 16,
              "column": 4
            },
            "end": {
              "line": 18,
              "column": 5
            }
          },
          {
            "start": {
              "line": 16,
              "column": 4
            },
            "end": {
              "line": 18,
              "column": 5
            }
          }
        ],
        "line": 16
      },
      "1": {
        "loc": {
          "start": {
            "line": 30,
            "column": 9
          },
          "end": {
            "line": 30,
            "column": 95
          }
        },
        "type": "cond-expr",
        "locations": [
          {
            "start": {
              "line": 30,
              "column": 34
            },
            "end": {
              "line": 30,
              "column": 88
            }
          },
          {
            "start": {
              "line": 30,
              "column": 91
            },
            "end": {
              "line": 30,
              "column": 95
            }
          }
        ],
        "line": 30
      },
      "2": {
        "loc": {
          "start": {
            "line": 31,
            "column": 9
          },
          "end": {
            "line": 31,
            "column": 95
          }
        },
        "type": "cond-expr",
        "locations": [
          {
            "start": {
              "line": 31,
              "column": 34
            },
            "end": {
              "line": 31,
              "column": 88
            }
          },
          {
            "start": {
              "line": 31,
              "column": 91
            },
            "end": {
              "line": 31,
              "column": 95
            }
          }
        ],
        "line": 31
      },
      "3": {
        "loc": {
          "start": {
            "line": 32,
            "column": 9
          },
          "end": {
            "line": 32,
            "column": 84
          }
        },
        "type": "cond-expr",
        "locations": [
          {
            "start": {
              "line": 32,
              "column": 34
            },
            "end": {
              "line": 32,
              "column": 77
            }
          },
          {
            "start": {
              "line": 32,
              "column": 80
            },
            "end": {
              "line": 32,
              "column": 84
            }
          }
        ],
        "line": 32
      },
      "4": {
        "loc": {
          "start": {
            "line": 35,
            "column": 13
          },
          "end": {
            "line": 37,
            "column": 25
          }
        },
        "type": "cond-expr",
        "locations": [
          {
            "start": {
              "line": 35,
              "column": 65
            },
            "end": {
              "line": 37,
              "column": 18
            }
          },
          {
            "start": {
              "line": 37,
              "column": 21
            },
            "end": {
              "line": 37,
              "column": 25
            }
          }
        ],
        "line": 35
      },
      "5": {
        "loc": {
          "start": {
            "line": 35,
            "column": 13
          },
          "end": {
            "line": 35,
            "column": 62
[...]
          "line": 14,
          "column": 24
        },
        "end": {
          "line": 14,
          "column": 43
        }
      },
      "4": {
        "start": {
          "line": 16,
          "column": 46
        },
        "end": {
          "line": 16,
          "column": 61
        }
      },
      "5": {
        "start": {
          "line": 17,
          "column": 29
        },
        "end": {
          "line": 17,
          "column": 49
        }
      },
      "6": {
        "start": {
          "line": 19,
          "column": 15
        },
        "end": {
          "line": 35,
          "column": 3
        }
      },
      "7": {
        "start": {
          "line": 37,
          "column": 21
        },
        "end": {
          "line": 39,
          "column": 3
        }
      },
      "8": {
        "start": {
          "line": 38,
          "column": 4
        },
        "end": {
          "line": 38,
          "column": 47
        }
      },
      "9": {
        "start": {
          "line": 41,
          "column": 2
        },
        "end": {
          "line": 74,
          "column": 4
        }
      },
      "10": {
        "start": {
          "line": 58,
          "column": 49
        },
        "end": {
          "line": 58,
          "column": 61
        }
      }
    },
    "fnMap": {
      "0": {
        "name": "Cart",
        "decl": {
          "start": {
            "line": 9,
            "column": 9
          },
          "end": {
            "line": 9,
            "column": 13
          }
        },
        "loc": {
          "start": {
            "line": 9,
            "column": 16
          },
          "end": {
            "line": 75,
            "column": 1
          }
        },
        "line": 9
      },
      "1": {
        "name": "(anonymous_1)",
        "decl": {
          "start": {
            "line": 37,
            "column": 21
          },
          "end": {
            "line": 37,
            "column": 22
          }
        },
        "loc": {
          "start": {
            "line": 37,
            "column": 27
          },
          "end": {
            "line": 39,
            "column": 3
          }
        },
        "line": 37
      },
      "2": {
        "name": "(anonymous_2)",
        "decl": {
          "start": {
            "line": 58,
            "column": 43
          },
          "end": {
            "line": 58,
            "column": 44
          }
        },
        "loc": {
          "start": {
            "line": 58,
            "column": 49
          },
          "end": {
            "line": 58,
            "column": 61
          }
        },
        "line": 58
      }
    },
    "branchMap": {
      "0": {
        "loc": {
          "start": {
            "line": 11,
            "column": 25
          },
          "end": {
            "line": 11,
            "column": 79
          }
        },
        "type": "binary-expr",
        "locations": [
          {
            "start": {
              "line": 11,
              "column": 25
            },
            "end": {
              "line": 11,
              "column": 73
            }
          },
          {
            "start": {
              "line": 11,
              "column": 77
            },
            "end": {
              "line": 11,
              "column": 79
            }
          }
        ],
        "line": 11
      },
      "1": {
        "loc": {
          "start": {
            "line": 12,
            "column": 27
          },
          "end": {
            "line": 12,
            "column": 65
          }
        },
        "type": "binary-expr",
        "locations": [
          {
            "start": {
              "line": 12,
              "column": 27
            },
            "end": {
              "line": 12,
              "column": 60
            }
          },
          {
            "start": {
              "line": 12,
              "column": 64
            },
            "end": {
              "line": 12,
              "column": 65
            }
          }
        ],
        "line": 12
      },
      "2": {
        "loc": {
          "start": {
            "line": 49,
            "column": 7
          },
          "end": {
            "line": 71,
            "column": 29
          }
        },
        "type": "cond-expr",
        "locations": [
          {
            "start": {
              "line": 50,
              "column": 8
            },
            "end": {
              "line": 71,
              "column": 14
            }
          },
          {
            "start": {
              "line": 71,
              "column": 17
            },
            "end": {
              "line": 71,
              "column": 29
            }
          }
        ],
        "line": 49
      },
      "3": {
        "loc": {
          "start": {
            "line": 57,
            "column": 47
          },
          "end": {
            "line": 57,
            "column": 61
          }
        },
        "type": "binary-expr",
        "locations": [
          {
            "start": {
              "line": 57,
              "column": 47
            },
            "end": {
              "line": 57,
              "column": 56
            }
          },
          {
            "start": {
              "line": 57,
              "column": 60
            },
            "end": {
              "line": 57,
              "column": 61
            }
          }
        ],
        "line": 57
      }
    },
    "s": {
      "0": 22,
      "1": 22,
      "2": 22,
      "3": 22,
      "4": 22,
      "5": 22,
      "6": 22,
      "7": 22,
      "8": 0,
      "9": 22,
      "10": 0
    },
    "f": {
      "0": 22,
      "1": 0,
      "2": 0
    },
    "b": {
      "0": [
        22,
        10
      ],
      "1": [
        22,
        22
      ],
      "2": [
        12,
        10
      ],
      "3": [
        12,
        0
      ]
    },
    "_coverageSchema": "1a1c01bbd47fc00a2c39e90264f33305004495a9",
    "hash": "ff4d557f3c825e9bd58c0cabb8995a9eb305fac4"
  },
  "/Users/ricardo/Downloads/hype-test-frontend/src/pages/Checkout.jsx": {
    "path": "/Users/ricardo/Downloads/hype-test-frontend/src/pages/Checkout.jsx",
    "statementMap": {
      "0": {
        "start": {
          "line": 7,
          "column": 20
        },
        "end": {
          "line": 7,
          "column": 33
        }
      },
      "1": {
        "start": {
          "line": 8,
          "column": 19
        },
        "end": {
          "line": 8,
          "column": 30
        }
      },
      "2": {
        "start": {
          "line": 10,
          "column": 23
        },
        "end": {
          "line": 21,
          "column": 3
        }
      },
      "3": {
        "start": {
          "line": 11,
          "column": 21
        },
        "end": {
          "line": 11,
          "column": 54
        }
      },
      "4": {
        "start": {
          "line": 12,
          "column": 17
        },
        "end": {
          "line": 12,
          "column": 38
        }
      },
      "5": {
        "start": {
          "line": 13,
          "column": 17
        },
        "end": {
          "line": 13,
          "column": 65
        }
      },
      "6": {
        "start": {
          "line": 14,
          "column": 17
        },
        "end": {
          "line": 14,
          "column": 42
        }
      },
      "7": {
        "start": {
          "line": 15,
          "column": 17
        },
        "end": {
          "line": 15,
          "column": 44
        }
      },
      "8": {
        "start": {
          "line": 16,
          "column": 4
        },
        "end": {
          "line": 16,
          "column": 21
        }
      },
      "9": {
        "start": {
          "line": 17,
          "column": 4
        },
        "end": {
          "line": 17,
          "column": 39
        }
      },
      "10": {
        "start": {
          "line": 18,
          "column": 4
        },
        "end": {
          "line": 18,
          "column": 36
        }
      },
      "11": {
        "start": {
          "line": 19,
          "column": 4
        },
        "end": {
          "line": 19,
          "column": 17
        }
      },
      "12": {
        "start": {
          "line": 20,
          "column": 4
        },
        "end": {
          "line": 20,
          "column": 36
        }
      },
      "13": {
        "start": {
          "line": 23,
          "column": 2
        },
        "end": {
          "line": 42,
          "column": 4
        }
      }
    },
    "fnMap": {
      "0": {
        "name": "Checkout",
        "decl": {
          "start": {
            "line": 6,
            "column": 9
          },
          "end": {
            "line": 6,
            "column": 17
          }
        },
        "loc": {
          "start": {
            "line": 6,
            "column": 20
          },
          "end": {
            "line": 43,
            "column": 1
          }
        },
        "line": 6
      },
      "1": {
        "name": "(anonymous_1)",
        "decl": {
          "start": {
            "line": 10,
            "column": 23
          },
          "end": {
            "line": 10,
            "column": 24
          }
        },
        "loc": {
          "start": {
            "line": 10,
            "column": 35
          },
          "end": {
            "line": 21,
            "column": 3
          }
        },
        "line": 10
      }
    },
    "branchMap": {
      "0": {
        "loc": {
          "start": {
            "line": 8,
            "column": 19
          },
          "end": {
            "line": 8,
            "column": 30
          }
        },
        "type": "binary-expr",
        "locations": [
          {
            "start": {
              "line": 8,
              "column": 19
            },
            "end": {
              "line": 8,
              "column": 24
            }
          },
          {
            "start": {
              "line": 8,
              "column": 28
            },
            "end": {
              "line": 8,
              "column": 30
            }
          }
        ],
        "line": 8
      }
    },
    "s": {
      "0": 0,
      "1": 0,
      "2": 0,
      "3": 0,
      "4": 0,
      "5": 0,
      "6": 0,
      "7": 0,
      "8": 0,
      "9": 0,
      "10": 0,
      "11": 0,
      "12": 0,
      "13": 0
    },
    "f": {
      "0": 0,
      "1": 0
    },
    "b": {
      "0": [
        0,
        0
      ]
    },
    "_coverageSchema": "1a1c01bbd47fc00a2c39e90264f33305004495a9",
    "hash": "37e787b4567141ad8eb4e71b272236aebab8768d"
  },
  "/Users/ricardo/Downloads/hype-test-frontend/src/pages/index.js": {
    "path": "/Users/ricardo/Downloads/hype-test-frontend/src/pages/index.js",
    "statementMap": {},
    "fnMap": {},
    "branchMap": {},
    "s": {},
    "f": {},
    "b": {},
    "_coverageSchema": "1a1c01bbd47fc00a2c39e90264f33305004495a9",
    "hash": "9b66cdf632da2b65df919d8c0ca963b298cf51a7"
  },
  "/Users/ricardo/Downloads/hype-test-frontend/src/context/Provider.js": {
    "path": "/Users/ricardo/Downloads/hype-test-frontend/src/context/Provider.js",
    "statementMap": {
      "0": {
        "start": {
          "line": 6,
          "column": 36
        },
        "end": {
          "line": 6,
          "column": 48
        }
      },
      "1": {
        "start": {
          "line": 8,
          "column": 50
        },
        "end": {
          "line": 8,
          "column": 62
        }
      },
      "2": {
        "start": {
          "line": 9,
          "column": 44
        },
        "end": {
          "line": 9,
          "column": 56
        }
      },
      "3": {
        "start": {
          "line": 10,
          "column": 56
        },
        "end": {
          "line": 10,
          "column": 68
        }
      },
      "4": {
        "start": {
          "line": 11,
          "column": 38
        },
        "end": {
          "line": 11,
          "column": 49
        }
      },
      "5": {
        "start": {
          "line": 12,
          "column": 44
        },
        "end": {
          "line": 12,
          "column": 55
        }
      },
      "6": {
        "start": {
          "line": 13,
          "column": 52
        },
        "end": {
          "line": 13,
          "column": 66
        }
      },
      "7": {
        "start": {
          "line": 15,
          "column": 24
        },
        "end": {
          "line": 23,
          "column": 3
        }
      },
      "8": {
        "start": {
          "line": 25,
          "column": 2
        },
        "end": {
          "line": 29,
          "column": 4
        }
      },
      "9": {
        "start": {
          "line": 32,
          "column": 0
        },
        "end": {
          "line": 34,
          "column": 2
        }
      }
    },
    "fnMap": {
      "0": {
        "name": "Provider",
        "decl": {
          "start": {
            "line": 5,
            "column": 9
          },
          "end": {
            "line": 5,
            "column": 17
          }
        },
        "loc": {
          "start": {
            "line": 5,
            "column": 32
          },
          "end": {
            "line": 30,
            "column": 1
          }
        },
        "line": 5
      }
    },
    "branchMap": {},
    "s": {
      "0": 198,
      "1": 198,
      "2": 198,
      "3": 198,
      "4": 198,
      "5": 198,
      "6": 198,
      "7": 198,
      "8": 198,
      "9": 10
    },
    "f": {
      "0": 198
    },
    "b": {},
    "_coverageSchema": "1a1c01bbd47fc00a2c39e90264f33305004495a9",
    "hash": "48593338f3a0f5947e7d2e764fe9ff733172d789"
  },
  "/Users/ricardo/Downloads/hype-test-frontend/src/App.js": {
    "path": "/Users/ricardo/Downloads/hype-test-frontend/src/App.js",
    "statementMap": {
      "0": {
        "start": {
          "line": 7,
          "column": 2
        },
        "end": {
          "line": 18,
          "column": 4
        }
      }
    },
    "fnMap": {
      "0": {
        "name": "App",
        "decl": {
          "start": {
            "line": 6,
            "column": 9
          },
          "end": {
            "line": 6,
            "column": 12
          }
        },
        "loc": {
          "start": {
            "line": 6,
            "column": 15
          },
          "end": {
            "line": 19,
            "column": 1
          }
        },
        "line": 6
      }
    },
    "branchMap": {},
    "s": {
      "0": 20
    },
    "f": {
      "0": 20
    },
    "b": {},
    "_coverageSchema": "1a1c01bbd47fc00a2c39e90264f33305004495a9",
    "hash": "e96edb0eced897dd5f2c372b0df360c67accf2f1"
  },
  "/Users/ricardo/Downloads/hype-test-frontend/src/reportWebVitals.js": {
    "path": "/Users/ricardo/Downloads/hype-test-frontend/src/reportWebVitals.js",
    "statementMap": {
      "0": {
        "start": {
          "line": 1,
          "column": 24
        },
        "end": {
          "line": 11,
          "column": 1
        }
      },
      "1": {
        "start": {
          "line": 2,
          "column": 2
        },
        "end": {
          "line": 10,
          "column": 3
        }
      },
      "2": {
        "start": {
          "line": 3,
          "column": 4
        },
        "end": {
          "line": 9,
          "column": 7
        }
      },
      "3": {
        "start": {
          "line": 4,
          "column": 6
        },
        "end": {
          "line": 4,
          "column": 26
        }
      },
      "4": {
        "start": {
          "line": 5,
          "column": 6
        },
        "end": {
          "line": 5,
          "column": 26
        }
      },
      "5": {
        "start": {
          "line": 6,
          "column": 6
        },
        "end": {
          "line": 6,
          "column": 26
        }
      },
      "6": {
        "start": {
          "line": 7,
          "column": 6
        },
        "end": {
          "line": 7,
          "column": 26
        }
      },
      "7": {
        "start": {
          "line": 8,
          "column": 6
        },
        "end": {
          "line": 8,
          "column": 27
        }
      }
    },
    "fnMap": {
      "0": {
        "name": "(anonymous_0)",
        "decl": {
          "start": {
            "line": 1,
            "column": 24
          },
          "end": {
            "line": 1,
            "column": 25
          }
        },
        "loc": {
          "start": {
            "line": 1,
            "column": 39
          },
          "end": {
            "line": 11,
            "column": 1
          }
        },
        "line": 1
      },
      "1": {
        "name": "(anonymous_1)",
        "decl": {
          "start": {
            "line": 3,
            "column": 30
          },
          "end": {
            "line": 3,
            "column": 31
          }
        },
        "loc": {
          "start": {
            "line": 3,
            "column": 79
          },
          "end": {
            "line": 9,
            "column": 5
          }
        },
        "line": 3
      }
    },
    "branchMap": {
      "0": {
        "loc": {
          "start": {
            "line": 2,
            "column": 2
          },
          "end": {
            "line": 10,
            "column": 3
          }
        },
        "type": "if",
        "locations": [
          {
            "start": {
              "line": 2,
              "column": 2
            },
            "end": {
              "line": 10,
              "column": 3
            }
          },
          {
            "start": {
              "line": 2,
              "column": 2
            },
            "end": {
              "line": 10,
              "column": 3
            }
          }
        ],
        "line": 2
      },
      "1": {
        "loc": {
          "start": {
            "line": 2,
            "column": 6
          },
          "end": {
            "line": 2,
            "column": 52
          }
        },
        "type": "binary-expr",
        "locations": [
          {
            "start": {
              "line": 2,
              "column": 6
            },
            "end": {
              "line": 2,
              "column": 17
            }
          },
          {
            "start": {
              "line": 2,
              "column": 21
            },
            "end": {
              "line": 2,
              "column": 52
            }
          }
        ],
        "line": 2
      }
    },
    "s": {
      "0": 10,
      "1": 10,
      "2": 0,
      "3": 0,
      "4": 0,
      "5": 0,
      "6": 0,
      "7": 0
    },
    "f": {
      "0": 10,
      "1": 0
    },
    "b": {
      "0": [
        0,
        10
      ],
      "1": [
        10,
        0
      ]
    },
    "_coverageSchema": "1a1c01bbd47fc00a2c39e90264f33305004495a9",
    "hash": "1329fb21930d6c0ff334ad535f75f7e59c4082bb"
  },
  "/Users/ricardo/Downloads/hype-test-frontend/src/index.js": {
    "path": "/Users/ricardo/Downloads/hype-test-frontend/src/index.js",
    "statementMap": {
      "0": {
        "start": {
          "line": 6,
          "column": 13
        },
        "end": {
          "line": 6,
          "column": 65
        }
      },
      "1": {
        "start": {
          "line": 7,
          "column": 0
        },
        "end": {
          "line": 11,
          "column": 2
        }
      },
      "2": {
        "start": {
          "line": 16,
          "column": 0
        },
        "end": {
          "line": 16,
          "column": 18
        }
      }
    },
    "fnMap": {},
    "branchMap": {},
    "s": {
      "0": 10,
      "1": 10,
      "2": 10
    },
    "f": {},
    "b": {},
    "_coverageSchema": "1a1c01bbd47fc00a2c39e90264f33305004495a9",
    "hash": "3ef0f4cf5daddb11a5121fe52a2e91c7512b898f"
  }
}